2025-07-15 04:38:11.563 [info] [main] Log level: Info
2025-07-15 04:38:11.563 [info] [main] Validating found git in: "git"
2025-07-15 04:38:11.563 [info] [main] Using git "2.43.0" from "git"
2025-07-15 04:38:11.563 [info] [Model][doInitialScan] Initial repository scan started
2025-07-15 04:38:11.563 [info] > git rev-parse --show-toplevel [6ms]
2025-07-15 04:38:11.563 [info] fatal: not a git repository (or any parent up to mount point /)
Stopping at filesystem boundary (GIT_DISCOVERY_ACROSS_FILESYSTEM not set).
2025-07-15 04:38:11.563 [info] > git rev-parse --show-toplevel [127ms]
2025-07-15 04:38:11.563 [info] fatal: not a git repository (or any parent up to mount point /)
Stopping at filesystem boundary (GIT_DISCOVERY_ACROSS_FILESYSTEM not set).
2025-07-15 04:38:11.563 [info] > git rev-parse --show-toplevel [6ms]
2025-07-15 04:38:11.563 [info] fatal: not a git repository (or any parent up to mount point /)
Stopping at filesystem boundary (GIT_DISCOVERY_ACROSS_FILESYSTEM not set).
2025-07-15 04:38:11.564 [info] > git rev-parse --show-toplevel [2ms]
2025-07-15 04:38:11.564 [info] fatal: not a git repository (or any parent up to mount point /)
Stopping at filesystem boundary (GIT_DISCOVERY_ACROSS_FILESYSTEM not set).
2025-07-15 04:38:11.573 [info] > git rev-parse --show-toplevel [4ms]
2025-07-15 04:38:11.573 [info] fatal: not a git repository (or any parent up to mount point /)
Stopping at filesystem boundary (GIT_DISCOVERY_ACROSS_FILESYSTEM not set).
2025-07-15 04:38:11.585 [info] > git rev-parse --show-toplevel [2ms]
2025-07-15 04:38:11.585 [info] fatal: not a git repository (or any parent up to mount point /)
Stopping at filesystem boundary (GIT_DISCOVERY_ACROSS_FILESYSTEM not set).
2025-07-15 04:38:11.600 [info] > git rev-parse --show-toplevel [10ms]
2025-07-15 04:38:11.600 [info] fatal: not a git repository (or any parent up to mount point /)
Stopping at filesystem boundary (GIT_DISCOVERY_ACROSS_FILESYSTEM not set).
2025-07-15 04:38:11.607 [info] > git rev-parse --show-toplevel [2ms]
2025-07-15 04:38:11.607 [info] fatal: not a git repository (or any parent up to mount point /)
Stopping at filesystem boundary (GIT_DISCOVERY_ACROSS_FILESYSTEM not set).
2025-07-15 04:38:11.613 [info] > git rev-parse --show-toplevel [1ms]
2025-07-15 04:38:11.613 [info] fatal: not a git repository (or any parent up to mount point /)
Stopping at filesystem boundary (GIT_DISCOVERY_ACROSS_FILESYSTEM not set).
2025-07-15 04:38:11.620 [info] > git rev-parse --show-toplevel [1ms]
2025-07-15 04:38:11.620 [info] fatal: not a git repository (or any parent up to mount point /)
Stopping at filesystem boundary (GIT_DISCOVERY_ACROSS_FILESYSTEM not set).
2025-07-15 04:38:11.627 [info] > git rev-parse --show-toplevel [1ms]
2025-07-15 04:38:11.627 [info] fatal: not a git repository (or any parent up to mount point /)
Stopping at filesystem boundary (GIT_DISCOVERY_ACROSS_FILESYSTEM not set).
2025-07-15 04:38:11.627 [info] [Model][doInitialScan] Initial repository scan completed - repositories (0), closed repositories (0), parent repositories (0), unsafe repositories (0)
