2025-07-15 03:26:23.208 [info] [main] Log level: Info
2025-07-15 03:26:23.208 [info] [main] Validating found git in: "git"
2025-07-15 03:26:23.208 [info] [main] Using git "2.43.0" from "git"
2025-07-15 03:26:23.208 [info] [Model][doInitialScan] Initial repository scan started
2025-07-15 03:26:23.208 [info] > git rev-parse --show-toplevel [7ms]
2025-07-15 03:26:23.208 [info] fatal: not a git repository (or any parent up to mount point /)
Stopping at filesystem boundary (GIT_DISCOVERY_ACROSS_FILESYSTEM not set).
2025-07-15 03:26:23.208 [info] > git rev-parse --show-toplevel [2863ms]
2025-07-15 03:26:23.208 [info] fatal: not a git repository (or any parent up to mount point /)
Stopping at filesystem boundary (GIT_DISCOVERY_ACROSS_FILESYSTEM not set).
2025-07-15 03:26:23.672 [info] > git rev-parse --show-toplevel [11ms]
2025-07-15 03:26:23.672 [info] fatal: not a git repository (or any parent up to mount point /)
Stopping at filesystem boundary (GIT_DISCOVERY_ACROSS_FILESYSTEM not set).
2025-07-15 03:26:23.687 [info] > git rev-parse --show-toplevel [5ms]
2025-07-15 03:26:23.687 [info] fatal: not a git repository (or any parent up to mount point /)
Stopping at filesystem boundary (GIT_DISCOVERY_ACROSS_FILESYSTEM not set).
2025-07-15 03:26:23.697 [info] > git rev-parse --show-toplevel [3ms]
2025-07-15 03:26:23.697 [info] fatal: not a git repository (or any parent up to mount point /)
Stopping at filesystem boundary (GIT_DISCOVERY_ACROSS_FILESYSTEM not set).
2025-07-15 03:26:23.706 [info] > git rev-parse --show-toplevel [2ms]
2025-07-15 03:26:23.706 [info] fatal: not a git repository (or any parent up to mount point /)
Stopping at filesystem boundary (GIT_DISCOVERY_ACROSS_FILESYSTEM not set).
2025-07-15 03:26:23.717 [info] > git rev-parse --show-toplevel [2ms]
2025-07-15 03:26:23.717 [info] fatal: not a git repository (or any parent up to mount point /)
Stopping at filesystem boundary (GIT_DISCOVERY_ACROSS_FILESYSTEM not set).
2025-07-15 03:26:23.727 [info] > git rev-parse --show-toplevel [2ms]
2025-07-15 03:26:23.727 [info] fatal: not a git repository (or any parent up to mount point /)
Stopping at filesystem boundary (GIT_DISCOVERY_ACROSS_FILESYSTEM not set).
2025-07-15 03:26:23.738 [info] > git rev-parse --show-toplevel [2ms]
2025-07-15 03:26:23.738 [info] fatal: not a git repository (or any parent up to mount point /)
Stopping at filesystem boundary (GIT_DISCOVERY_ACROSS_FILESYSTEM not set).
2025-07-15 03:26:23.751 [info] > git rev-parse --show-toplevel [3ms]
2025-07-15 03:26:23.751 [info] fatal: not a git repository (or any parent up to mount point /)
Stopping at filesystem boundary (GIT_DISCOVERY_ACROSS_FILESYSTEM not set).
2025-07-15 03:26:23.762 [info] > git rev-parse --show-toplevel [1ms]
2025-07-15 03:26:23.762 [info] fatal: not a git repository (or any parent up to mount point /)
Stopping at filesystem boundary (GIT_DISCOVERY_ACROSS_FILESYSTEM not set).
2025-07-15 03:26:23.763 [info] [Model][doInitialScan] Initial repository scan completed - repositories (0), closed repositories (0), parent repositories (0), unsafe repositories (0)
2025-07-15 03:28:40.888 [info] > git rev-parse --show-toplevel [6ms]
2025-07-15 03:28:40.888 [info] fatal: not a git repository (or any parent up to mount point /)
Stopping at filesystem boundary (GIT_DISCOVERY_ACROSS_FILESYSTEM not set).
2025-07-15 03:28:55.950 [info] > git rev-parse --show-toplevel [6ms]
2025-07-15 03:28:55.950 [info] fatal: not a git repository (or any parent up to mount point /)
Stopping at filesystem boundary (GIT_DISCOVERY_ACROSS_FILESYSTEM not set).
2025-07-15 03:33:18.434 [info] > git rev-parse --show-toplevel [4ms]
2025-07-15 03:33:18.434 [info] fatal: not a git repository (or any parent up to mount point /)
Stopping at filesystem boundary (GIT_DISCOVERY_ACROSS_FILESYSTEM not set).
2025-07-15 03:33:21.917 [info] > git rev-parse --show-toplevel [2ms]
2025-07-15 03:33:21.917 [info] fatal: not a git repository (or any parent up to mount point /)
Stopping at filesystem boundary (GIT_DISCOVERY_ACROSS_FILESYSTEM not set).
2025-07-15 03:33:22.377 [info] > git rev-parse --show-toplevel [6ms]
2025-07-15 03:33:22.377 [info] fatal: not a git repository (or any parent up to mount point /)
Stopping at filesystem boundary (GIT_DISCOVERY_ACROSS_FILESYSTEM not set).
2025-07-15 03:33:29.049 [info] > git rev-parse --show-toplevel [3ms]
2025-07-15 03:33:29.049 [info] fatal: not a git repository (or any parent up to mount point /)
Stopping at filesystem boundary (GIT_DISCOVERY_ACROSS_FILESYSTEM not set).
2025-07-15 03:33:29.609 [info] > git rev-parse --show-toplevel [2ms]
2025-07-15 03:33:29.609 [info] fatal: not a git repository (or any parent up to mount point /)
Stopping at filesystem boundary (GIT_DISCOVERY_ACROSS_FILESYSTEM not set).
2025-07-15 03:33:35.834 [info] > git rev-parse --show-toplevel [2ms]
2025-07-15 03:33:35.834 [info] fatal: not a git repository (or any parent up to mount point /)
Stopping at filesystem boundary (GIT_DISCOVERY_ACROSS_FILESYSTEM not set).
2025-07-15 03:33:47.221 [info] > git rev-parse --show-toplevel [1ms]
2025-07-15 03:33:47.221 [info] fatal: not a git repository (or any parent up to mount point /)
Stopping at filesystem boundary (GIT_DISCOVERY_ACROSS_FILESYSTEM not set).
2025-07-15 03:33:48.583 [info] > git rev-parse --show-toplevel [3ms]
2025-07-15 03:33:48.583 [info] fatal: not a git repository (or any parent up to mount point /)
Stopping at filesystem boundary (GIT_DISCOVERY_ACROSS_FILESYSTEM not set).
2025-07-15 03:33:52.637 [info] > git rev-parse --show-toplevel [4ms]
2025-07-15 03:33:52.638 [info] fatal: not a git repository (or any parent up to mount point /)
Stopping at filesystem boundary (GIT_DISCOVERY_ACROSS_FILESYSTEM not set).
2025-07-15 03:33:54.003 [info] > git rev-parse --show-toplevel [4ms]
2025-07-15 03:33:54.003 [info] fatal: not a git repository (or any parent up to mount point /)
Stopping at filesystem boundary (GIT_DISCOVERY_ACROSS_FILESYSTEM not set).
2025-07-15 03:34:02.238 [info] > git rev-parse --show-toplevel [2ms]
2025-07-15 03:34:02.238 [info] fatal: not a git repository (or any parent up to mount point /)
Stopping at filesystem boundary (GIT_DISCOVERY_ACROSS_FILESYSTEM not set).
2025-07-15 03:34:48.579 [info] > git rev-parse --show-toplevel [2ms]
2025-07-15 03:34:48.579 [info] fatal: not a git repository (or any parent up to mount point /)
Stopping at filesystem boundary (GIT_DISCOVERY_ACROSS_FILESYSTEM not set).
2025-07-15 03:37:55.373 [info] > git rev-parse --show-toplevel [3ms]
2025-07-15 03:37:55.373 [info] fatal: not a git repository (or any parent up to mount point /)
Stopping at filesystem boundary (GIT_DISCOVERY_ACROSS_FILESYSTEM not set).
2025-07-15 03:38:09.876 [info] > git rev-parse --show-toplevel [2ms]
2025-07-15 03:38:09.876 [info] fatal: not a git repository (or any parent up to mount point /)
Stopping at filesystem boundary (GIT_DISCOVERY_ACROSS_FILESYSTEM not set).
2025-07-15 03:38:44.757 [info] > git rev-parse --show-toplevel [2ms]
2025-07-15 03:38:44.757 [info] fatal: not a git repository (or any parent up to mount point /)
Stopping at filesystem boundary (GIT_DISCOVERY_ACROSS_FILESYSTEM not set).
2025-07-15 03:38:46.835 [info] > git rev-parse --show-toplevel [2ms]
2025-07-15 03:38:46.835 [info] fatal: not a git repository (or any parent up to mount point /)
Stopping at filesystem boundary (GIT_DISCOVERY_ACROSS_FILESYSTEM not set).
2025-07-15 03:39:38.275 [info] > git rev-parse --show-toplevel [2ms]
2025-07-15 03:39:38.275 [info] fatal: not a git repository (or any parent up to mount point /)
Stopping at filesystem boundary (GIT_DISCOVERY_ACROSS_FILESYSTEM not set).
2025-07-15 03:39:55.721 [info] > git rev-parse --show-toplevel [2ms]
2025-07-15 03:39:55.721 [info] fatal: not a git repository (or any parent up to mount point /)
Stopping at filesystem boundary (GIT_DISCOVERY_ACROSS_FILESYSTEM not set).
2025-07-15 03:40:02.669 [info] > git rev-parse --show-toplevel [2ms]
2025-07-15 03:40:02.669 [info] fatal: not a git repository (or any parent up to mount point /)
Stopping at filesystem boundary (GIT_DISCOVERY_ACROSS_FILESYSTEM not set).
2025-07-15 03:40:05.768 [info] > git rev-parse --show-toplevel [2ms]
2025-07-15 03:40:05.768 [info] fatal: not a git repository (or any parent up to mount point /)
Stopping at filesystem boundary (GIT_DISCOVERY_ACROSS_FILESYSTEM not set).
2025-07-15 03:40:53.194 [info] > git rev-parse --show-toplevel [2ms]
2025-07-15 03:40:53.194 [info] fatal: not a git repository (or any parent up to mount point /)
Stopping at filesystem boundary (GIT_DISCOVERY_ACROSS_FILESYSTEM not set).
2025-07-15 03:41:41.206 [info] > git rev-parse --show-toplevel [3ms]
2025-07-15 03:41:41.206 [info] fatal: not a git repository (or any parent up to mount point /)
Stopping at filesystem boundary (GIT_DISCOVERY_ACROSS_FILESYSTEM not set).
2025-07-15 03:41:43.900 [info] > git rev-parse --show-toplevel [2ms]
2025-07-15 03:41:43.900 [info] fatal: not a git repository (or any parent up to mount point /)
Stopping at filesystem boundary (GIT_DISCOVERY_ACROSS_FILESYSTEM not set).
