2025-07-14 08:26:13.171 [info] Extension host with pid 1300 started
2025-07-14 08:26:13.186 [info] Lock '/home/villevillegas2/.codeoss/data/User/workspaceStorage/-1b275788/vscode.lock': Lock acquired.
2025-07-14 08:26:13.284 [info] ExtensionService#_doActivateExtension vscode.emmet, startup: false, activationEvent: 'onLanguage'
2025-07-14 08:26:13.412 [info] ExtensionService#_doActivateExtension vscode.git-base, startup: true, activationEvent: '*', root cause: vscode.git
2025-07-14 08:26:13.502 [info] ExtensionService#_doActivateExtension vscode.git, startup: true, activationEvent: '*'
2025-07-14 08:26:13.503 [info] ExtensionService#_doActivateExtension vscode.github, startup: true, activationEvent: '*'
2025-07-14 08:26:13.763 [info] Eager extensions activated
2025-07-14 08:26:13.764 [info] ExtensionService#_doActivateExtension EditorConfig.EditorConfig, startup: false, activationEvent: 'onStartupFinished'
2025-07-14 08:26:13.764 [info] ExtensionService#_doActivateExtension google.cloud-shell, startup: false, activationEvent: 'onStartupFinished'
2025-07-14 08:26:13.765 [info] ExtensionService#_doActivateExtension google.geminicodeassist, startup: false, activationEvent: 'onStartupFinished', root cause: googlecloudtools.cloudcode
2025-07-14 08:26:13.765 [info] ExtensionService#_doActivateExtension vscode.debug-auto-launch, startup: false, activationEvent: 'onStartupFinished'
2025-07-14 08:26:13.765 [info] ExtensionService#_doActivateExtension vscode.merge-conflict, startup: false, activationEvent: 'onStartupFinished'
2025-07-14 08:26:15.744 [info] ExtensionService#_doActivateExtension vscode.configuration-editing, startup: false, activationEvent: 'onLanguage:jsonc'
2025-07-14 08:26:15.745 [info] ExtensionService#_doActivateExtension vscode.json-language-features, startup: false, activationEvent: 'onLanguage:jsonc'
2025-07-14 08:26:15.745 [info] ExtensionService#_doActivateExtension vscode.typescript-language-features, startup: false, activationEvent: 'onLanguage:jsonc'
2025-07-14 08:26:15.953 [info] ExtensionService#_doActivateExtension googlecloudtools.cloudcode, startup: false, activationEvent: 'onStartupFinished'
2025-07-14 08:26:18.125 [error] onWillSaveTextDocument-listener from extension 'EditorConfig.EditorConfig' threw ERROR
2025-07-14 08:26:18.131 [error] Error: timeout
    at Timeout._onTimeout (file:///google/devshell/editor/code-oss-for-cloud-shell/out/vs/workbench/api/node/extensionHostProcess.js:135:108282)
    at listOnTimeout (node:internal/timers:581:17)
    at processTimers (node:internal/timers:519:7)
2025-07-14 08:27:35.317 [info] Extension host terminating: received terminate message from renderer
2025-07-14 08:27:35.317 [info] Lock '/home/villevillegas2/.codeoss/data/User/workspaceStorage/-1b275788/vscode.lock': Marking the lockfile as scheduled to be released in 6000 ms.
2025-07-14 08:27:35.405 [info] Extension host with pid 1300 exiting with code 0
