2025-07-14 18:18:12.899 [info] [main] Log level: Info
2025-07-14 18:18:12.899 [info] [main] Validating found git in: "git"
2025-07-14 18:18:12.899 [info] [main] Using git "2.43.0" from "git"
2025-07-14 18:18:12.899 [info] [Model][doInitialScan] Initial repository scan started
2025-07-14 18:18:12.899 [info] > git rev-parse --show-toplevel [2064ms]
2025-07-14 18:18:12.899 [info] fatal: not a git repository (or any parent up to mount point /)
Stopping at filesystem boundary (GIT_DISCOVERY_ACROSS_FILESYSTEM not set).
2025-07-14 18:18:12.899 [info] > git rev-parse --show-toplevel [5ms]
2025-07-14 18:18:12.899 [info] fatal: not a git repository (or any parent up to mount point /)
Stopping at filesystem boundary (GIT_DISCOVERY_ACROSS_FILESYSTEM not set).
2025-07-14 18:18:12.919 [info] > git rev-parse --show-toplevel [3ms]
2025-07-14 18:18:12.919 [info] fatal: not a git repository (or any parent up to mount point /)
Stopping at filesystem boundary (GIT_DISCOVERY_ACROSS_FILESYSTEM not set).
2025-07-14 18:18:12.968 [info] > git rev-parse --show-toplevel [43ms]
2025-07-14 18:18:12.968 [info] fatal: not a git repository (or any parent up to mount point /)
Stopping at filesystem boundary (GIT_DISCOVERY_ACROSS_FILESYSTEM not set).
2025-07-14 18:18:12.979 [info] > git rev-parse --show-toplevel [2ms]
2025-07-14 18:18:12.979 [info] fatal: not a git repository (or any parent up to mount point /)
Stopping at filesystem boundary (GIT_DISCOVERY_ACROSS_FILESYSTEM not set).
2025-07-14 18:18:12.990 [info] > git rev-parse --show-toplevel [3ms]
2025-07-14 18:18:12.990 [info] fatal: not a git repository (or any parent up to mount point /)
Stopping at filesystem boundary (GIT_DISCOVERY_ACROSS_FILESYSTEM not set).
2025-07-14 18:18:13.079 [info] > git rev-parse --show-toplevel [79ms]
2025-07-14 18:18:13.079 [info] fatal: not a git repository (or any parent up to mount point /)
Stopping at filesystem boundary (GIT_DISCOVERY_ACROSS_FILESYSTEM not set).
2025-07-14 18:18:13.143 [info] > git rev-parse --show-toplevel [13ms]
2025-07-14 18:18:13.143 [info] fatal: not a git repository (or any parent up to mount point /)
Stopping at filesystem boundary (GIT_DISCOVERY_ACROSS_FILESYSTEM not set).
2025-07-14 18:18:13.158 [info] > git rev-parse --show-toplevel [4ms]
2025-07-14 18:18:13.158 [info] fatal: not a git repository (or any parent up to mount point /)
Stopping at filesystem boundary (GIT_DISCOVERY_ACROSS_FILESYSTEM not set).
2025-07-14 18:18:13.186 [info] > git rev-parse --show-toplevel [3ms]
2025-07-14 18:18:13.186 [info] fatal: not a git repository (or any parent up to mount point /)
Stopping at filesystem boundary (GIT_DISCOVERY_ACROSS_FILESYSTEM not set).
2025-07-14 18:18:13.187 [info] [Model][doInitialScan] Initial repository scan completed - repositories (0), closed repositories (0), parent repositories (0), unsafe repositories (0)
2025-07-14 18:18:36.690 [info] > git rev-parse --show-toplevel [95ms]
2025-07-14 18:18:36.690 [info] fatal: not a git repository (or any parent up to mount point /)
Stopping at filesystem boundary (GIT_DISCOVERY_ACROSS_FILESYSTEM not set).
2025-07-14 18:19:37.434 [info] > git rev-parse --show-toplevel [2ms]
2025-07-14 18:19:37.434 [info] fatal: not a git repository (or any parent up to mount point /)
Stopping at filesystem boundary (GIT_DISCOVERY_ACROSS_FILESYSTEM not set).
2025-07-14 18:24:30.337 [info] > git rev-parse --show-toplevel [5ms]
2025-07-14 18:24:30.337 [info] fatal: not a git repository (or any parent up to mount point /)
Stopping at filesystem boundary (GIT_DISCOVERY_ACROSS_FILESYSTEM not set).
2025-07-14 18:24:31.027 [info] > git rev-parse --show-toplevel [5ms]
2025-07-14 18:24:31.027 [info] fatal: not a git repository (or any parent up to mount point /)
Stopping at filesystem boundary (GIT_DISCOVERY_ACROSS_FILESYSTEM not set).
2025-07-14 18:26:54.499 [info] > git rev-parse --show-toplevel [6ms]
2025-07-14 18:26:54.499 [info] fatal: not a git repository (or any parent up to mount point /)
Stopping at filesystem boundary (GIT_DISCOVERY_ACROSS_FILESYSTEM not set).
2025-07-14 18:26:58.131 [info] > git rev-parse --show-toplevel [2ms]
2025-07-14 18:26:58.131 [info] fatal: not a git repository (or any parent up to mount point /)
Stopping at filesystem boundary (GIT_DISCOVERY_ACROSS_FILESYSTEM not set).
2025-07-14 18:27:00.398 [info] > git rev-parse --show-toplevel [2ms]
2025-07-14 18:27:00.398 [info] fatal: not a git repository (or any parent up to mount point /)
Stopping at filesystem boundary (GIT_DISCOVERY_ACROSS_FILESYSTEM not set).
2025-07-14 18:27:03.363 [info] > git rev-parse --show-toplevel [17ms]
2025-07-14 18:27:03.363 [info] fatal: not a git repository (or any parent up to mount point /)
Stopping at filesystem boundary (GIT_DISCOVERY_ACROSS_FILESYSTEM not set).
2025-07-14 18:37:15.419 [info] > git rev-parse --show-toplevel [3ms]
2025-07-14 18:37:15.419 [info] fatal: not a git repository (or any parent up to mount point /)
Stopping at filesystem boundary (GIT_DISCOVERY_ACROSS_FILESYSTEM not set).
2025-07-14 18:46:39.152 [info] > git rev-parse --show-toplevel [2ms]
2025-07-14 18:46:39.152 [info] fatal: not a git repository (or any parent up to mount point /)
Stopping at filesystem boundary (GIT_DISCOVERY_ACROSS_FILESYSTEM not set).
2025-07-14 18:46:41.948 [info] > git rev-parse --show-toplevel [2ms]
2025-07-14 18:46:41.948 [info] fatal: not a git repository (or any parent up to mount point /)
Stopping at filesystem boundary (GIT_DISCOVERY_ACROSS_FILESYSTEM not set).
2025-07-14 18:46:58.454 [info] > git rev-parse --show-toplevel [4ms]
2025-07-14 18:46:58.454 [info] fatal: not a git repository (or any parent up to mount point /)
Stopping at filesystem boundary (GIT_DISCOVERY_ACROSS_FILESYSTEM not set).
