2025-07-14 08:26:15.388 [info] [main] Log level: Info
2025-07-14 08:26:15.388 [info] [main] Validating found git in: "git"
2025-07-14 08:26:15.388 [info] [main] Using git "2.43.0" from "git"
2025-07-14 08:26:15.388 [info] [Model][doInitialScan] Initial repository scan started
2025-07-14 08:26:15.388 [info] > git rev-parse --show-toplevel [1616ms]
2025-07-14 08:26:15.388 [info] fatal: not a git repository (or any parent up to mount point /)
Stopping at filesystem boundary (GIT_DISCOVERY_ACROSS_FILESYSTEM not set).
2025-07-14 08:26:15.388 [info] > git rev-parse --show-toplevel [4ms]
2025-07-14 08:26:15.388 [info] fatal: not a git repository (or any parent up to mount point /)
Stopping at filesystem boundary (GIT_DISCOVERY_ACROSS_FILESYSTEM not set).
2025-07-14 08:26:15.389 [info] > git rev-parse --show-toplevel [2ms]
2025-07-14 08:26:15.389 [info] fatal: not a git repository (or any parent up to mount point /)
Stopping at filesystem boundary (GIT_DISCOVERY_ACROSS_FILESYSTEM not set).
2025-07-14 08:26:15.395 [info] > git rev-parse --show-toplevel [2ms]
2025-07-14 08:26:15.395 [info] fatal: not a git repository (or any parent up to mount point /)
Stopping at filesystem boundary (GIT_DISCOVERY_ACROSS_FILESYSTEM not set).
2025-07-14 08:26:15.401 [info] > git rev-parse --show-toplevel [2ms]
2025-07-14 08:26:15.401 [info] fatal: not a git repository (or any parent up to mount point /)
Stopping at filesystem boundary (GIT_DISCOVERY_ACROSS_FILESYSTEM not set).
2025-07-14 08:26:15.407 [info] > git rev-parse --show-toplevel [1ms]
2025-07-14 08:26:15.407 [info] fatal: not a git repository (or any parent up to mount point /)
Stopping at filesystem boundary (GIT_DISCOVERY_ACROSS_FILESYSTEM not set).
2025-07-14 08:26:15.412 [info] > git rev-parse --show-toplevel [2ms]
2025-07-14 08:26:15.412 [info] fatal: not a git repository (or any parent up to mount point /)
Stopping at filesystem boundary (GIT_DISCOVERY_ACROSS_FILESYSTEM not set).
2025-07-14 08:26:15.417 [info] > git rev-parse --show-toplevel [2ms]
2025-07-14 08:26:15.417 [info] fatal: not a git repository (or any parent up to mount point /)
Stopping at filesystem boundary (GIT_DISCOVERY_ACROSS_FILESYSTEM not set).
2025-07-14 08:26:15.418 [info] [Model][doInitialScan] Initial repository scan completed - repositories (0), closed repositories (0), parent repositories (0), unsafe repositories (0)
2025-07-14 08:26:18.159 [info] > git rev-parse --show-toplevel [3ms]
2025-07-14 08:26:18.159 [info] fatal: not a git repository (or any parent up to mount point /)
Stopping at filesystem boundary (GIT_DISCOVERY_ACROSS_FILESYSTEM not set).
2025-07-14 08:27:05.752 [info] > git rev-parse --show-toplevel [2ms]
2025-07-14 08:27:05.752 [info] fatal: not a git repository (or any parent up to mount point /)
Stopping at filesystem boundary (GIT_DISCOVERY_ACROSS_FILESYSTEM not set).
2025-07-14 08:27:12.342 [info] > git rev-parse --show-toplevel [3ms]
2025-07-14 08:27:12.342 [info] fatal: not a git repository (or any parent up to mount point /)
Stopping at filesystem boundary (GIT_DISCOVERY_ACROSS_FILESYSTEM not set).
2025-07-14 08:27:21.176 [info] > git rev-parse --show-toplevel [3ms]
2025-07-14 08:27:21.176 [info] fatal: not a git repository (or any parent up to mount point /)
Stopping at filesystem boundary (GIT_DISCOVERY_ACROSS_FILESYSTEM not set).
