2025-07-14 15:38:41.264 [info] [main] Log level: Info
2025-07-14 15:38:41.265 [info] [main] Validating found git in: "git"
2025-07-14 15:38:41.265 [info] [main] Using git "2.43.0" from "git"
2025-07-14 15:38:41.265 [info] [Model][doInitialScan] Initial repository scan started
2025-07-14 15:38:41.265 [info] > git rev-parse --show-toplevel [34ms]
2025-07-14 15:38:41.265 [info] fatal: not a git repository (or any parent up to mount point /)
Stopping at filesystem boundary (GIT_DISCOVERY_ACROSS_FILESYSTEM not set).
2025-07-14 15:38:41.265 [info] > git rev-parse --show-toplevel [18ms]
2025-07-14 15:38:41.265 [info] fatal: not a git repository (or any parent up to mount point /)
Stopping at filesystem boundary (GIT_DISCOVERY_ACROSS_FILESYSTEM not set).
2025-07-14 15:38:41.278 [info] > git rev-parse --show-toplevel [3ms]
2025-07-14 15:38:41.278 [info] fatal: not a git repository (or any parent up to mount point /)
Stopping at filesystem boundary (GIT_DISCOVERY_ACROSS_FILESYSTEM not set).
2025-07-14 15:38:45.628 [info] > git rev-parse --show-toplevel [4338ms]
2025-07-14 15:38:45.628 [info] fatal: not a git repository (or any parent up to mount point /)
Stopping at filesystem boundary (GIT_DISCOVERY_ACROSS_FILESYSTEM not set).
2025-07-14 15:38:46.086 [info] > git rev-parse --show-toplevel [393ms]
2025-07-14 15:38:46.086 [info] fatal: not a git repository (or any parent up to mount point /)
Stopping at filesystem boundary (GIT_DISCOVERY_ACROSS_FILESYSTEM not set).
2025-07-14 15:38:46.217 [info] > git rev-parse --show-toplevel [108ms]
2025-07-14 15:38:46.217 [info] fatal: not a git repository (or any parent up to mount point /)
Stopping at filesystem boundary (GIT_DISCOVERY_ACROSS_FILESYSTEM not set).
2025-07-14 15:38:46.250 [info] > git rev-parse --show-toplevel [12ms]
2025-07-14 15:38:46.250 [info] fatal: not a git repository (or any parent up to mount point /)
Stopping at filesystem boundary (GIT_DISCOVERY_ACROSS_FILESYSTEM not set).
2025-07-14 15:38:46.275 [info] > git rev-parse --show-toplevel [4ms]
2025-07-14 15:38:46.275 [info] fatal: not a git repository (or any parent up to mount point /)
Stopping at filesystem boundary (GIT_DISCOVERY_ACROSS_FILESYSTEM not set).
2025-07-14 15:38:46.420 [info] > git rev-parse --show-toplevel [125ms]
2025-07-14 15:38:46.420 [info] fatal: not a git repository (or any parent up to mount point /)
Stopping at filesystem boundary (GIT_DISCOVERY_ACROSS_FILESYSTEM not set).
2025-07-14 15:38:46.568 [info] > git rev-parse --show-toplevel [113ms]
2025-07-14 15:38:46.568 [info] fatal: not a git repository (or any parent up to mount point /)
Stopping at filesystem boundary (GIT_DISCOVERY_ACROSS_FILESYSTEM not set).
2025-07-14 15:38:46.575 [info] [Model][doInitialScan] Initial repository scan completed - repositories (0), closed repositories (0), parent repositories (0), unsafe repositories (0)
2025-07-14 16:00:42.826 [info] > git rev-parse --show-toplevel [5ms]
2025-07-14 16:00:42.826 [info] fatal: not a git repository (or any parent up to mount point /)
Stopping at filesystem boundary (GIT_DISCOVERY_ACROSS_FILESYSTEM not set).
