Initializing document watcher...
Document watcher initialized
villevillegas2/proyecto_final/sell_registration_microservice/sell-registration-microservice.yaml: {}
villevillegas2/proyecto_final/sell_registration_microservice/sell-registration-microservice.yaml: {}
villevillegas2/proyecto_final/sell_registration_microservice/sell-registration-microservice.yaml: {}
villevillegas2/proyecto_final/sell_registration_microservice/sell-registration-microservice.yaml: {}
villevillegas2/proyecto_final/web-recharge-app/Dockerfile: {}
villevillegas2/proyecto_final/sell_registration_microservice/deploy.sh: {}
villevillegas2/proyecto_final/web-recharge-app/deploy.sh: {}
villevillegas2/proyecto_final/web-recharge-app/deploy.sh: Using EditorConfig core...
villevillegas2/proyecto_final/web-recharge-app/deploy.sh: Using EditorConfig core...
villevillegas2/proyecto_final/web-recharge-app/deploy.sh: Using EditorConfig core...
villevillegas2/proyecto_final/web-recharge-app/deploy.sh: Using EditorConfig core...
villevillegas2/proyecto_final/web-recharge-app/deploy.sh: Using EditorConfig core...
villevillegas2/proyecto_final/web-recharge-app/deploy.sh: Using EditorConfig core...
villevillegas2/proyecto_final/web-recharge-app/deploy.sh: Using EditorConfig core...
villevillegas2/proyecto_final/web-recharge-app/deploy.sh: {}
villevillegas2/proyecto_final/web-recharge-app/deploy.sh: {}
villevillegas2/proyecto_final/topic_subscriber/index.js: {}
villevillegas2/proyecto_final/topic_subscriber/index.js: {}
villevillegas2/proyecto_final/topic_subscriber/index.js: {}
villevillegas2/proyecto_final/topic_subscriber/index.js: {}
villevillegas2/proyecto_final/topic_subscriber/index.js: {}
villevillegas2/proyecto_final/topic_subscriber/index.js: Using EditorConfig core...
villevillegas2/proyecto_final/topic_subscriber/index.js: Using EditorConfig core...
villevillegas2/proyecto_final/topic_subscriber/index.js: Using EditorConfig core...
villevillegas2/proyecto_final/topic_subscriber/index.js: Using EditorConfig core...
villevillegas2/proyecto_final/topic_subscriber/index.js: {}
villevillegas2/proyecto_final/topic_subscriber/index.js: {}
villevillegas2/proyecto_final/topic_subscriber/index.js: {}
villevillegas2/proyecto_final/topic_subscriber/index.js: {}
villevillegas2/proyecto_final/topic_subscriber/index.js: {}
villevillegas2/proyecto_final/topic_subscriber/index.js: Using EditorConfig core...
villevillegas2/proyecto_final/topic_subscriber/index.js: Using EditorConfig core...
villevillegas2/proyecto_final/topic_subscriber/index.js: Using EditorConfig core...
villevillegas2/proyecto_final/topic_subscriber/index.js: {}
villevillegas2/proyecto_final/web-recharge-app/app.yaml: {}
villevillegas2/proyecto_final/web-recharge-app/app.yaml: Using EditorConfig core...
villevillegas2/proyecto_final/web-recharge-app/app.yaml: {}
villevillegas2/proyecto_final/web-recharge-app/app.yaml: {}
villevillegas2/proyecto_final/web-recharge-app/app.yaml: {}
villevillegas2/proyecto_final/web-recharge-app/app.yaml: Using EditorConfig core...
villevillegas2/proyecto_final/web-recharge-app/app.yaml: Using EditorConfig core...
villevillegas2/proyecto_final/web-recharge-app/app.yaml: Using EditorConfig core...
villevillegas2/proyecto_final/web-recharge-app/app.yaml: Using EditorConfig core...
villevillegas2/proyecto_final/web-recharge-app/app.yaml: Using EditorConfig core...
villevillegas2/proyecto_final/web-recharge-app/Dockerfile: {}
villevillegas2/proyecto_final/web-recharge-app/deploy.sh: {}
villevillegas2/proyecto_final/web-recharge-app/app.yaml: {}
villevillegas2/proyecto_final/web-recharge-app/app.yaml: Using EditorConfig core...
villevillegas2/proyecto_final/web-recharge-app/app.yaml: Using EditorConfig core...
villevillegas2/proyecto_final/web-recharge-app/app.yaml: Using EditorConfig core...
villevillegas2/proyecto_final/web-recharge-app/app.yaml: Using EditorConfig core...
villevillegas2/proyecto_final/web-recharge-app/app.yaml: {}
villevillegas2/proyecto_final/web-recharge-app/README.md: {}
villevillegas2/proyecto_final/web-recharge-app/package-lock.json: {}
villevillegas2/proyecto_final/.gitignore: {}
villevillegas2/proyecto_final/.gitignore: Using EditorConfig core...
villevillegas2/proyecto_final/.gitignore: Using EditorConfig core...
villevillegas2/proyecto_final/.gitignore: Using EditorConfig core...
villevillegas2/proyecto_final/.gitignore: Using EditorConfig core...
villevillegas2/proyecto_final/.gitignore: Using EditorConfig core...
villevillegas2/proyecto_final/.gitignore: Using EditorConfig core...
villevillegas2/proyecto_final/.gitignore: Using EditorConfig core...
villevillegas2/proyecto_final/.gitignore: Using EditorConfig core...
villevillegas2/proyecto_final/.gitignore: {}
villevillegas2/proyecto_final/.gitignore: {}
villevillegas2/proyecto_final/.gitignore: {}
villevillegas2/proyecto_final/.gitignore: Using EditorConfig core...
villevillegas2/proyecto_final/.gitignore: Using EditorConfig core...
villevillegas2/proyecto_final/sell_registration_microservice/.gitignore: {}
villevillegas2/proyecto_final/topic_subscriber/.gitignore: {}
villevillegas2/proyecto_final/topic_subscriber/.gitignore: Using EditorConfig core...
villevillegas2/proyecto_final/topic_subscriber/.gitignore: Using EditorConfig core...
villevillegas2/proyecto_final/topic_subscriber/.gitignore: Using EditorConfig core...
villevillegas2/proyecto_final/balance_update_service/.gitignore: {}
villevillegas2/proyecto_final/balance_update_service/.gitignore: Using EditorConfig core...
villevillegas2/proyecto_final/balance_update_service/.gitignore: Using EditorConfig core...
villevillegas2/proyecto_final/balance_update_service/.gitignore: Using EditorConfig core...
villevillegas2/proyecto_final/balance_update_service/balance-update-service.yaml: {}
/home/villevillegas2/proyecto_final/.gitignore: {}
villevillegas2/proyecto_final/.gitignore: {}
villevillegas2/proyecto_final/.gitignore: Using EditorConfig core...
villevillegas2/proyecto_final/.gitignore: Using EditorConfig core...
villevillegas2/proyecto_final/.gitignore: Using EditorConfig core...
villevillegas2/proyecto_final/.gitignore: Using EditorConfig core...
villevillegas2/proyecto_final/.gitignore: Using EditorConfig core...
villevillegas2/proyecto_final/.gitignore: Using EditorConfig core...
villevillegas2/proyecto_final/.gitignore: Using EditorConfig core...
villevillegas2/proyecto_final/.gitignore: Using EditorConfig core...
villevillegas2/proyecto_final/.gitignore: Using EditorConfig core...
villevillegas2/proyecto_final/.gitignore: Using EditorConfig core...
villevillegas2/proyecto_final/.gitignore: Using EditorConfig core...
villevillegas2/proyecto_final/.gitignore: Using EditorConfig core...
villevillegas2/proyecto_final/.gitignore: {}
villevillegas2/proyecto_final/.gitignore: Using EditorConfig core...
villevillegas2/proyecto_final/.gitignore: Using EditorConfig core...
villevillegas2/proyecto_final/.gitignore: Using EditorConfig core...
villevillegas2/proyecto_final/.gitignore: Using EditorConfig core...
villevillegas2/proyecto_final/.gitignore: Using EditorConfig core...
villevillegas2/proyecto_final/.gitignore: Using EditorConfig core...
villevillegas2/proyecto_final/.gitignore: Using EditorConfig core...
villevillegas2/proyecto_final/.gitignore: Using EditorConfig core...
villevillegas2/proyecto_final/.gitignore: Using EditorConfig core...
villevillegas2/proyecto_final/.gitignore: Using EditorConfig core...
villevillegas2/proyecto_final/.gitignore: Using EditorConfig core...
villevillegas2/proyecto_final/.gitignore: Using EditorConfig core...
villevillegas2/proyecto_final/.gitignore: Using EditorConfig core...
villevillegas2/proyecto_final/.gitignore: Using EditorConfig core...
villevillegas2/proyecto_final/.gitignore: Using EditorConfig core...
villevillegas2/proyecto_final/.gitignore: Using EditorConfig core...
villevillegas2/proyecto_final/.gitignore: Using EditorConfig core...
villevillegas2/proyecto_final/.gitignore: Using EditorConfig core...
villevillegas2/proyecto_final/.gitignore: Using EditorConfig core...
villevillegas2/proyecto_final/.gitignore: {}
villevillegas2/proyecto_final/.gitignore: {}
villevillegas2/proyecto_final/.gitignore: Using EditorConfig core...
villevillegas2/proyecto_final/.gitignore: {}
/home/villevillegas2/proyecto_final/.gitignore: {}
villevillegas2/proyecto_final/balance_update_service/balance-update-service.yaml: {}
villevillegas2/proyecto_final/sell_registration_microservice/.gitignore: {}
villevillegas2/proyecto_final/balance_update_service/balance-update-service.yaml: {}
villevillegas2/proyecto_final/topic_subscriber/.gitignore: {}
villevillegas2/proyecto_final/topic_subscriber/.gitignore: {}
villevillegas2/proyecto_final/balance_update_service/balance-update-service.yaml: {}
villevillegas2/proyecto_final/balance_update_service/.gitignore: {}
villevillegas2/proyecto_final/balance_update_service/balance-update-service.yaml: {}
villevillegas2/proyecto_final/web-recharge-app-service/index.js: {}
villevillegas2/proyecto_final/balance_update_service/balance-update-service.yaml: {}
/User/settings.json: Using EditorConfig core...
villevillegas2/proyecto_final/web-recharge-app-service/index.js: {}
villevillegas2/proyecto_final/web-recharge-app-service/Dockerfile: {}
villevillegas2/proyecto_final/web-recharge-app-service/index.js: {}
villevillegas2/proyecto_final/sell_registration_microservice/deploy.sh: {}
villevillegas2/proyecto_final/web-recharge-app-service/index.js: {}
villevillegas2/proyecto_final/sell_registration_microservice/package-lock.json: {}
villevillegas2/proyecto_final/web-recharge-app-service/index.js: {}
villevillegas2/proyecto_final/web-recharge-app/Dockerfile: {}
villevillegas2/proyecto_final/web-recharge-app-service/index.js: {}
villevillegas2/proyecto_final/web-recharge-app/app.yaml: {}
villevillegas2/proyecto_final/web-recharge-app-service/package.json: {}
villevillegas2/proyecto_final/web-recharge-app/app.yaml: {}
villevillegas2/proyecto_final/web-recharge-app/app.yaml: {}
villevillegas2/proyecto_final/web-recharge-app/app.yaml: {}
villevillegas2/proyecto_final/web-recharge-app/app.yaml: {}
villevillegas2/proyecto_final/web-recharge-app/app.yaml: {}
villevillegas2/proyecto_final/web-recharge-app/app.yaml: {}
villevillegas2/proyecto_final/web-recharge-app/app.yaml: {}
villevillegas2/proyecto_final/web-recharge-app/app.yaml: {}
villevillegas2/proyecto_final/web-recharge-app/app.yaml: {}
villevillegas2/proyecto_final/web-recharge-app/app.yaml: {}
villevillegas2/proyecto_final/web-recharge-app/app.yaml: {}
villevillegas2/proyecto_final/web-recharge-app/app.yaml: {}
villevillegas2/proyecto_final/web-recharge-app/app.yaml: {}
villevillegas2/proyecto_final/web-recharge-app/app.yaml: {}
villevillegas2/proyecto_final/web-recharge-app/app.yaml: {}
villevillegas2/proyecto_final/web-recharge-app/app.yaml: {}
villevillegas2/proyecto_final/web-recharge-app/deploy.sh: {}
villevillegas2/proyecto_final/.gitignore: {}
villevillegas2/proyecto_final/.gitignore: {}
villevillegas2/proyecto_final/.gitignore: Using EditorConfig core...
villevillegas2/proyecto_final/.gitignore: Using EditorConfig core...
villevillegas2/proyecto_final/.gitignore: Using EditorConfig core...
villevillegas2/proyecto_final/.gitignore: Using EditorConfig core...
villevillegas2/proyecto_final/.gitignore: Using EditorConfig core...
villevillegas2/proyecto_final/.gitignore: Using EditorConfig core...
villevillegas2/proyecto_final/.gitignore: Using EditorConfig core...
villevillegas2/proyecto_final/.gitignore: Using EditorConfig core...
villevillegas2/proyecto_final/.gitignore: Using EditorConfig core...
villevillegas2/proyecto_final/.gitignore: Using EditorConfig core...
villevillegas2/proyecto_final/.gitignore: Using EditorConfig core...
villevillegas2/proyecto_final/.gitignore: Using EditorConfig core...
villevillegas2/proyecto_final/.gitignore: Using EditorConfig core...
villevillegas2/proyecto_final/.gitignore: Using EditorConfig core...
villevillegas2/proyecto_final/.gitignore: Using EditorConfig core...
villevillegas2/proyecto_final/.gitignore: Using EditorConfig core...
villevillegas2/proyecto_final/.gitignore: Using EditorConfig core...
villevillegas2/proyecto_final/.gitignore: Using EditorConfig core...
villevillegas2/proyecto_final/.gitignore: Using EditorConfig core...
villevillegas2/proyecto_final/ingress.yaml: {}
villevillegas2/proyecto_final/ingress.yaml: {}
villevillegas2/proyecto_final/ingress.yaml: {}
villevillegas2/proyecto_final/ingress.yaml: {}
villevillegas2/proyecto_final/.gitignore: {}
villevillegas2/proyecto_final/.gitignore: Using EditorConfig core...
villevillegas2/proyecto_final/.gitignore: Using EditorConfig core...
villevillegas2/proyecto_final/.gitignore: Using EditorConfig core...
villevillegas2/proyecto_final/.gitignore: Using EditorConfig core...
villevillegas2/proyecto_final/.gitignore: Using EditorConfig core...
villevillegas2/proyecto_final/.gitignore: Using EditorConfig core...
villevillegas2/proyecto_final/.gitignore: Using EditorConfig core...
villevillegas2/proyecto_final/topic_subscriber/index.js: {}
villevillegas2/proyecto_final/topic_subscriber/index.js: Using EditorConfig core...
villevillegas2/proyecto_final/topic_subscriber/index.js: Using EditorConfig core...
villevillegas2/proyecto_final/topic_subscriber/index.js: {}
villevillegas2/proyecto_final/topic_subscriber/index.js: Using EditorConfig core...
villevillegas2/proyecto_final/topic_subscriber/index.js: Using EditorConfig core...
villevillegas2/proyecto_final/topic_subscriber/index.js: Using EditorConfig core...
villevillegas2/proyecto_final/topic_subscriber/index.js: Using EditorConfig core...
villevillegas2/proyecto_final/topic_subscriber/index.js: Using EditorConfig core...
villevillegas2/proyecto_final/topic_subscriber/index.js: {}
villevillegas2/proyecto_final/topic_subscriber/index.js: Using EditorConfig core...
villevillegas2/proyecto_final/topic_subscriber/index.js: Using EditorConfig core...
villevillegas2/proyecto_final/topic_subscriber/index.js: {}
villevillegas2/proyecto_final/topic_subscriber/index.js: {}
villevillegas2/proyecto_final/topic_subscriber/index.js: Using EditorConfig core...
villevillegas2/proyecto_final/topic_subscriber/index.js: Using EditorConfig core...
villevillegas2/proyecto_final/web-recharge-app/deploy.sh: {}
villevillegas2/proyecto_final/web-recharge-app/app.yaml: {}
villevillegas2/proyecto_final/web-recharge-app/deploy.sh: {}
villevillegas2/proyecto_final/web-recharge-app/Dockerfile: {}
villevillegas2/proyecto_final/web-recharge-app/package-lock.json: {}
villevillegas2/proyecto_final/web-recharge-app/src/App.js: {}
villevillegas2/proyecto_final/web-recharge-app/src/App.js: Using EditorConfig core...
villevillegas2/proyecto_final/web-recharge-app/src/App.js: Using EditorConfig core...
villevillegas2/proyecto_final/web-recharge-app/src/App.test.js: {}
villevillegas2/proyecto_final/topic_subscriber/index.js: {}
villevillegas2/proyecto_final/topic_subscriber/index.js: {}
villevillegas2/proyecto_final/topic_subscriber/index.js: {}
villevillegas2/proyecto_final/topic_subscriber/index.js: {}
villevillegas2/proyecto_final/topic_subscriber/index.js: {}
villevillegas2/proyecto_final/topic_subscriber/index.js: Using EditorConfig core...
villevillegas2/proyecto_final/topic_subscriber/index.js: Using EditorConfig core...
villevillegas2/proyecto_final/topic_subscriber/index.js: Using EditorConfig core...
villevillegas2/proyecto_final/topic_subscriber/index.js: Using EditorConfig core...
villevillegas2/proyecto_final/topic_subscriber/index.js: Using EditorConfig core...
villevillegas2/proyecto_final/topic_subscriber/index.js: Using EditorConfig core...
villevillegas2/proyecto_final/topic_subscriber/index.js: Using EditorConfig core...
villevillegas2/proyecto_final/sell_registration_microservice/index.js: {}
villevillegas2/proyecto_final/topic_subscriber/index.js: {}
villevillegas2/proyecto_final/topic_subscriber/index.js: Using EditorConfig core...
villevillegas2/proyecto_final/topic_subscriber/index.js: Using EditorConfig core...
villevillegas2/proyecto_final/topic_subscriber/index.js: Using EditorConfig core...
villevillegas2/proyecto_final/sell_registration_microservice/index.js: {}
villevillegas2/proyecto_final/ingress.yaml: {}
villevillegas2/proyecto_final/balance_update_service/index.js: {}
villevillegas2/proyecto_final/sell_registration_microservice/index.js: {}
villevillegas2/proyecto_final/sell_registration_microservice/index.js: Using EditorConfig core...
villevillegas2/proyecto_final/sell_registration_microservice/sell-registration-microservice.yaml: {}
villevillegas2/proyecto_final/sell_registration_microservice/sell-registration-microservice.yaml: {}
villevillegas2/proyecto_final/topic_subscriber/package.json: {}
villevillegas2/proyecto_final/topic_subscriber/index.js: {}
villevillegas2/proyecto_final/sell_registration_microservice/index.js: {}
villevillegas2/proyecto_final/sell_registration_microservice/index.js: {}
villevillegas2/proyecto_final/topic_subscriber/index.js: {}
villevillegas2/proyecto_final/topic_subscriber/index.js: {}
villevillegas2/proyecto_final/topic_subscriber/index.js: Using EditorConfig core...
villevillegas2/proyecto_final/topic_subscriber/index.js: Using EditorConfig core...
villevillegas2/proyecto_final/topic_subscriber/index.js: Using EditorConfig core...
villevillegas2/proyecto_final/topic_subscriber/index.js: Using EditorConfig core...
villevillegas2/proyecto_final/topic_subscriber/index.js: Using EditorConfig core...
villevillegas2/proyecto_final/topic_subscriber/index.js: Using EditorConfig core...
villevillegas2/proyecto_final/topic_subscriber/index.js: Using EditorConfig core...
villevillegas2/proyecto_final/topic_subscriber/index.js: Using EditorConfig core...
villevillegas2/proyecto_final/topic_subscriber/index.js: Using EditorConfig core...
villevillegas2/proyecto_final/topic_subscriber/index.js: Using EditorConfig core...
villevillegas2/proyecto_final/topic_subscriber/index.js: Using EditorConfig core...
villevillegas2/proyecto_final/topic_subscriber/index.js: Using EditorConfig core...
villevillegas2/proyecto_final/topic_subscriber/index.js: Using EditorConfig core...
villevillegas2/proyecto_final/topic_subscriber/index.js: Using EditorConfig core...
villevillegas2/proyecto_final/topic_subscriber/index.js: Using EditorConfig core...
villevillegas2/proyecto_final/topic_subscriber/index.js: Using EditorConfig core...
villevillegas2/proyecto_final/topic_subscriber/index.js: Using EditorConfig core...
villevillegas2/proyecto_final/topic_subscriber/index.js: Using EditorConfig core...
villevillegas2/proyecto_final/topic_subscriber/index.js: Using EditorConfig core...
villevillegas2/proyecto_final/topic_subscriber/index.js: {}
villevillegas2/proyecto_final/topic_subscriber/index.js: {}
villevillegas2/proyecto_final/topic_subscriber/index.js: {}
villevillegas2/proyecto_final/topic_subscriber/index.js: {}
villevillegas2/proyecto_final/topic_subscriber/index.js: Using EditorConfig core...
villevillegas2/proyecto_final/topic_subscriber/index.js: Using EditorConfig core...
villevillegas2/proyecto_final/topic_subscriber/index.js: Using EditorConfig core...
villevillegas2/proyecto_final/topic_subscriber/index.js: Using EditorConfig core...
villevillegas2/proyecto_final/topic_subscriber/index.js: Using EditorConfig core...
villevillegas2/proyecto_final/topic_subscriber/index.js: Using EditorConfig core...
villevillegas2/proyecto_final/topic_subscriber/index.js: {}
villevillegas2/proyecto_final/topic_subscriber/index.js: {}
villevillegas2/proyecto_final/topic_subscriber/index.js: Using EditorConfig core...
villevillegas2/proyecto_final/topic_subscriber/index.js: Using EditorConfig core...
villevillegas2/proyecto_final/topic_subscriber/index.js: Using EditorConfig core...
villevillegas2/proyecto_final/topic_subscriber/index.js: {}
villevillegas2/proyecto_final/topic_subscriber/index.js: {}
villevillegas2/proyecto_final/topic_subscriber/index.js: Using EditorConfig core...
villevillegas2/proyecto_final/topic_subscriber/index.js: Using EditorConfig core...
villevillegas2/proyecto_final/topic_subscriber/index.js: Using EditorConfig core...
villevillegas2/proyecto_final/topic_subscriber/index.js: {}
villevillegas2/proyecto_final/topic_subscriber/index.js: Using EditorConfig core...
villevillegas2/proyecto_final/topic_subscriber/index.js: Using EditorConfig core...
villevillegas2/proyecto_final/balance_update_service/index.js: {}
villevillegas2/proyecto_final/sell_registration_microservice/index.js: {}
villevillegas2/proyecto_final/topic_subscriber/Dockerfile: {}
villevillegas2/proyecto_final/topic_subscriber/index.js: {}
villevillegas2/proyecto_final/topic_subscriber/index.js: Using EditorConfig core...
villevillegas2/proyecto_final/topic_subscriber/index.js: Using EditorConfig core...
villevillegas2/proyecto_final/topic_subscriber/index.js: {}
villevillegas2/proyecto_final/topic_subscriber/deploy.sh: {}
villevillegas2/proyecto_final/topic_subscriber/package-lock.json: {}
villevillegas2/proyecto_final/topic_subscriber/index.js: {}
villevillegas2/proyecto_final/topic_subscriber/package-lock.json: {}
villevillegas2/proyecto_final/topic_subscriber/package.json: {}
villevillegas2/proyecto_final/topic_subscriber/package-lock.json: {}
villevillegas2/proyecto_final/topic_subscriber/index.js: {}
villevillegas2/proyecto_final/topic_subscriber/package.json: {}
villevillegas2/proyecto_final/topic_subscriber/package-lock.json: {}
villevillegas2/proyecto_final/topic_subscriber/package.json: {}
villevillegas2/proyecto_final/topic_subscriber/index.js: {}
villevillegas2/proyecto_final/topic_subscriber/index.js: {}
villevillegas2/proyecto_final/topic_subscriber/index.js: Using EditorConfig core...
villevillegas2/proyecto_final/topic_subscriber/index.js: Using EditorConfig core...
villevillegas2/proyecto_final/topic_subscriber/index.js: Using EditorConfig core...
villevillegas2/proyecto_final/topic_subscriber/index.js: Using EditorConfig core...
villevillegas2/proyecto_final/topic_subscriber/index.js: Using EditorConfig core...
villevillegas2/proyecto_final/topic_subscriber/index.js: Using EditorConfig core...
villevillegas2/proyecto_final/topic_subscriber/index.js: {}
villevillegas2/proyecto_final/topic_subscriber/index.js: Using EditorConfig core...
villevillegas2/proyecto_final/topic_subscriber/index.js: Using EditorConfig core...
villevillegas2/proyecto_final/topic_subscriber/index.js: Using EditorConfig core...
villevillegas2/proyecto_final/topic_subscriber/index.js: Using EditorConfig core...
villevillegas2/proyecto_final/topic_subscriber/index.js: Using EditorConfig core...
villevillegas2/proyecto_final/topic_subscriber/index.js: {}
villevillegas2/proyecto_final/topic_subscriber/index.js: {}
villevillegas2/proyecto_final/topic_subscriber/index.js: {}
villevillegas2/proyecto_final/topic_subscriber/index.js: Using EditorConfig core...
villevillegas2/proyecto_final/topic_subscriber/index.js: Using EditorConfig core...
villevillegas2/proyecto_final/topic_subscriber/index.js: {}
villevillegas2/proyecto_final/topic_subscriber/index.js: {}
villevillegas2/proyecto_final/topic_subscriber/deploy.sh: {}
villevillegas2/proyecto_final/topic_subscriber/Dockerfile: {}
villevillegas2/proyecto_final/topic_subscriber/Dockerfile: {}
villevillegas2/proyecto_final/topic_subscriber/Dockerfile: {}
villevillegas2/proyecto_final/topic_subscriber/Dockerfile: {}
villevillegas2/proyecto_final/topic_subscriber/deploy.sh: {}
villevillegas2/proyecto_final/topic_subscriber/Dockerfile: {}
villevillegas2/proyecto_final/topic_subscriber/deploy.sh: {}
villevillegas2/proyecto_final/sell_registration_microservice/deploy.sh: {}
villevillegas2/proyecto_final/topic_subscriber/deploy.sh: {}
villevillegas2/proyecto_final/sell_registration_microservice/deploy.sh: {}
villevillegas2/proyecto_final/topic_subscriber/index.js: {}
villevillegas2/proyecto_final/topic_subscriber/Dockerfile: {}
villevillegas2/proyecto_final/topic_subscriber/deploy.sh: {}
villevillegas2/proyecto_final/topic_subscriber/deploy.sh: Using EditorConfig core...
villevillegas2/proyecto_final/topic_subscriber/deploy.sh: Using EditorConfig core...
villevillegas2/proyecto_final/topic_subscriber/deploy.sh: Using EditorConfig core...
villevillegas2/proyecto_final/topic_subscriber/deploy.sh: Using EditorConfig core...
villevillegas2/proyecto_final/sell_registration_microservice/deploy.sh: {}
villevillegas2/proyecto_final/topic_subscriber/deploy.sh: {}
villevillegas2/proyecto_final/topic_subscriber/deploy.sh: Using EditorConfig core...
villevillegas2/proyecto_final/topic_subscriber/deploy.sh: Using EditorConfig core...
villevillegas2/proyecto_final/topic_subscriber/deploy.sh: Using EditorConfig core...
villevillegas2/proyecto_final/topic_subscriber/deploy.sh: Using EditorConfig core...
villevillegas2/proyecto_final/topic_subscriber/index.js: {}
villevillegas2/proyecto_final/topic_subscriber/index.js: Using EditorConfig core...
villevillegas2/proyecto_final/topic_subscriber/index.js: {}
villevillegas2/proyecto_final/topic_subscriber/index.js: Using EditorConfig core...
villevillegas2/proyecto_final/topic_subscriber/index.js: Using EditorConfig core...
villevillegas2/proyecto_final/topic_subscriber/index.js: Using EditorConfig core...
villevillegas2/proyecto_final/topic_subscriber/index.js: Using EditorConfig core...
villevillegas2/proyecto_final/topic_subscriber/index.js: Using EditorConfig core...
villevillegas2/proyecto_final/topic_subscriber/index.js: Using EditorConfig core...
villevillegas2/proyecto_final/topic_subscriber/index.js: {}
villevillegas2/proyecto_final/topic_subscriber/Dockerfile: {}
villevillegas2/proyecto_final/topic_subscriber/Dockerfile: {}
villevillegas2/proyecto_final/topic_subscriber/Dockerfile: {}
villevillegas2/proyecto_final/topic_subscriber/Dockerfile: {}
villevillegas2/proyecto_final/topic_subscriber/Dockerfile: {}
villevillegas2/proyecto_final/topic_subscriber/Dockerfile: {}
villevillegas2/proyecto_final/topic_subscriber/Dockerfile: {}
villevillegas2/proyecto_final/topic_subscriber/Dockerfile: Using EditorConfig core...
villevillegas2/proyecto_final/topic_subscriber/Dockerfile: Using EditorConfig core...
villevillegas2/proyecto_final/topic_subscriber/Dockerfile: Using EditorConfig core...
villevillegas2/proyecto_final/topic_subscriber/Dockerfile: Using EditorConfig core...
villevillegas2/proyecto_final/topic_subscriber/index.js: {}
villevillegas2/proyecto_final/topic_subscriber/index.js: Using EditorConfig core...
villevillegas2/proyecto_final/topic_subscriber/index.js: Using EditorConfig core...
villevillegas2/proyecto_final/topic_subscriber/index.js: Using EditorConfig core...
villevillegas2/proyecto_final/topic_subscriber/index.js: Using EditorConfig core...
villevillegas2/proyecto_final/topic_subscriber/index.js: {}
villevillegas2/proyecto_final/topic_subscriber/deploy.sh: {}
villevillegas2/proyecto_final/topic_subscriber/deploy.sh: {}
villevillegas2/proyecto_final/topic_subscriber/Dockerfile: {}
villevillegas2/proyecto_final/topic_subscriber/Dockerfile: Using EditorConfig core...
villevillegas2/proyecto_final/topic_subscriber/Dockerfile: Using EditorConfig core...
villevillegas2/proyecto_final/topic_subscriber/Dockerfile: Using EditorConfig core...
villevillegas2/proyecto_final/topic_subscriber/Dockerfile: Using EditorConfig core...
villevillegas2/proyecto_final/topic_subscriber/Dockerfile: Using EditorConfig core...
villevillegas2/proyecto_final/topic_subscriber/Dockerfile: Using EditorConfig core...
villevillegas2/proyecto_final/topic_subscriber/package-lock.json: {}
villevillegas2/proyecto_final/topic_subscriber/index.js: {}
villevillegas2/proyecto_final/topic_subscriber/deploy.sh: {}
villevillegas2/proyecto_final/topic_subscriber/index.js: {}
villevillegas2/proyecto_final/topic_subscriber/index.js: Using EditorConfig core...
villevillegas2/proyecto_final/topic_subscriber/index.js: Using EditorConfig core...
villevillegas2/proyecto_final/topic_subscriber/index.js: Using EditorConfig core...
villevillegas2/proyecto_final/topic_subscriber/index.js: Using EditorConfig core...
villevillegas2/proyecto_final/topic_subscriber/index.js: Using EditorConfig core...
villevillegas2/proyecto_final/topic_subscriber/index.js: Using EditorConfig core...
villevillegas2/proyecto_final/topic_subscriber/index.js: Using EditorConfig core...
villevillegas2/proyecto_final/topic_subscriber/index.js: Using EditorConfig core...
villevillegas2/proyecto_final/topic_subscriber/index.js: {}
villevillegas2/proyecto_final/topic_subscriber/deploy.sh: {}
villevillegas2/proyecto_final/topic_subscriber/deploy.sh: {}
villevillegas2/proyecto_final/topic_subscriber/deploy.sh: {}
villevillegas2/proyecto_final/topic_subscriber/deploy.sh: {}
villevillegas2/proyecto_final/topic_subscriber/index.js: {}
villevillegas2/proyecto_final/topic_subscriber/index.js: {}
villevillegas2/proyecto_final/topic_subscriber/index.js: {}
villevillegas2/proyecto_final/topic_subscriber/index.js: {}
villevillegas2/proyecto_final/topic_subscriber/index.js: Using EditorConfig core...
villevillegas2/proyecto_final/topic_subscriber/index.js: Using EditorConfig core...
villevillegas2/proyecto_final/topic_subscriber/index.js: Using EditorConfig core...
villevillegas2/proyecto_final/topic_subscriber/index.js: Using EditorConfig core...
villevillegas2/proyecto_final/topic_subscriber/index.js: Using EditorConfig core...
villevillegas2/proyecto_final/topic_subscriber/index.js: Using EditorConfig core...
villevillegas2/proyecto_final/topic_subscriber/index.js: Using EditorConfig core...
villevillegas2/proyecto_final/topic_subscriber/index.js: Using EditorConfig core...
villevillegas2/proyecto_final/topic_subscriber/index.js: {}
villevillegas2/proyecto_final/topic_subscriber/index.js: {}
villevillegas2/proyecto_final/topic_subscriber/index.js: {}
villevillegas2/proyecto_final/topic_subscriber/index.js: Using EditorConfig core...
villevillegas2/proyecto_final/topic_subscriber/index.js: Using EditorConfig core...
villevillegas2/proyecto_final/topic_subscriber/index.js: Using EditorConfig core...
villevillegas2/proyecto_final/topic_subscriber/index.js: Using EditorConfig core...
villevillegas2/proyecto_final/topic_subscriber/index.js: {}
villevillegas2/proyecto_final/sell_registration_microservice/index.js: {}
villevillegas2/proyecto_final/sell_registration_microservice/package-lock.json: {}
villevillegas2/proyecto_final/topic_subscriber/deploy.sh: {}
villevillegas2/proyecto_final/topic_subscriber/Dockerfile: {}
villevillegas2/proyecto_final/topic_subscriber/index.js: {}
villevillegas2/proyecto_final/sell_registration_microservice/index.js: {}
villevillegas2/proyecto_final/sell_registration_microservice/package-lock.json: {}
villevillegas2/proyecto_final/sell_registration_microservice/package.json: {}
villevillegas2/proyecto_final/sell_registration_microservice/sell-registration-microservice.yaml: {}
villevillegas2/proyecto_final/topic_subscriber/index.js: {}
villevillegas2/proyecto_final/topic_subscriber/index.js: Using EditorConfig core...
villevillegas2/proyecto_final/topic_subscriber/index.js: Using EditorConfig core...
villevillegas2/proyecto_final/topic_subscriber/index.js: Using EditorConfig core...
villevillegas2/proyecto_final/topic_subscriber/index.js: Using EditorConfig core...
villevillegas2/proyecto_final/topic_subscriber/index.js: Using EditorConfig core...
villevillegas2/proyecto_final/topic_subscriber/index.js: Using EditorConfig core...
villevillegas2/proyecto_final/topic_subscriber/index.js: Using EditorConfig core...
villevillegas2/proyecto_final/topic_subscriber/index.js: {}
villevillegas2/proyecto_final/topic_subscriber/index.js: {}
villevillegas2/proyecto_final/topic_subscriber/index.js: Using EditorConfig core...
villevillegas2/proyecto_final/topic_subscriber/index.js: Using EditorConfig core...
villevillegas2/proyecto_final/topic_subscriber/index.js: Using EditorConfig core...
villevillegas2/proyecto_final/topic_subscriber/index.js: {}
villevillegas2/proyecto_final/topic_subscriber/index.js: {}
villevillegas2/proyecto_final/topic_subscriber/index.js: {}
villevillegas2/proyecto_final/topic_subscriber/index.js: {}
villevillegas2/proyecto_final/topic_subscriber/index.js: {}
villevillegas2/proyecto_final/topic_subscriber/index.js: {}
villevillegas2/proyecto_final/topic_subscriber/index.js: {}
villevillegas2/proyecto_final/topic_subscriber/index.js: {}
villevillegas2/proyecto_final/topic_subscriber/index.js: {}
villevillegas2/proyecto_final/web-recharge-app/app.yaml: {}
villevillegas2/proyecto_final/web-recharge-app/package.json: {}
villevillegas2/proyecto_final/web-recharge-app/deploy.sh: {}
villevillegas2/proyecto_final/web-recharge-app/Dockerfile: {}
villevillegas2/proyecto_final/web-recharge-app/src/App.js: {}
villevillegas2/proyecto_final/web-recharge-app/src/App.js: {}
villevillegas2/proyecto_final/topic_subscriber/index.js: {}
villevillegas2/proyecto_final/topic_subscriber/index.js: {}
villevillegas2/proyecto_final/topic_subscriber/index.js: {}
villevillegas2/proyecto_final/topic_subscriber/index.js: {}
villevillegas2/proyecto_final/topic_subscriber/index.js: Using EditorConfig core...
villevillegas2/proyecto_final/topic_subscriber/index.js: Using EditorConfig core...
villevillegas2/proyecto_final/topic_subscriber/index.js: Using EditorConfig core...
villevillegas2/proyecto_final/topic_subscriber/index.js: Using EditorConfig core...
villevillegas2/proyecto_final/topic_subscriber/index.js: Using EditorConfig core...
villevillegas2/proyecto_final/topic_subscriber/index.js: Using EditorConfig core...
villevillegas2/proyecto_final/topic_subscriber/index.js: {}
villevillegas2/proyecto_final/topic_subscriber/Dockerfile: {}
villevillegas2/proyecto_final/topic_subscriber/deploy.sh: {}
villevillegas2/proyecto_final/topic_subscriber/deploy.sh: {}
villevillegas2/proyecto_final/topic_subscriber/deploy.sh: {}
villevillegas2/proyecto_final/topic_subscriber/deploy.sh: {}
villevillegas2/proyecto_final/web-recharge-app-service/post-recharges.sh: {}
villevillegas2/proyecto_final/topic_subscriber/index.js: {}
villevillegas2/proyecto_final/topic_subscriber/index.js: {}
villevillegas2/proyecto_final/topic_subscriber/index.js: {}
villevillegas2/proyecto_final/topic_subscriber/index.js: Using EditorConfig core...
villevillegas2/proyecto_final/topic_subscriber/index.js: Using EditorConfig core...
villevillegas2/proyecto_final/topic_subscriber/index.js: Using EditorConfig core...
villevillegas2/proyecto_final/topic_subscriber/index.js: Using EditorConfig core...
villevillegas2/proyecto_final/topic_subscriber/index.js: Using EditorConfig core...
villevillegas2/proyecto_final/topic_subscriber/index.js: Using EditorConfig core...
villevillegas2/proyecto_final/topic_subscriber/index.js: Using EditorConfig core...
villevillegas2/proyecto_final/topic_subscriber/index.js: Using EditorConfig core...
villevillegas2/proyecto_final/topic_subscriber/index.js: Using EditorConfig core...
No more open editors.
villevillegas2/proyecto_final/.gitignore: {}
villevillegas2/proyecto_final/.gitignore: Using EditorConfig core...
villevillegas2/proyecto_final/.gitignore: Using EditorConfig core...
villevillegas2/proyecto_final/.gitignore: Using EditorConfig core...
villevillegas2/proyecto_final/.gitignore: Using EditorConfig core...
villevillegas2/proyecto_final/.gitignore: Using EditorConfig core...
villevillegas2/proyecto_final/.gitignore: Using EditorConfig core...
villevillegas2/proyecto_final/.gitignore: {}
villevillegas2/proyecto_final/.gitignore: {}
villevillegas2/proyecto_final/.gitignore: {}
villevillegas2/proyecto_final/.gitignore: {}
villevillegas2/proyecto_final/topic_subscriber/deploy.sh: {}
/git-error-1752639376183: {}
villevillegas2/proyecto_final/topic_subscriber/deploy.sh: {}
villevillegas2/proyecto_final/topic_subscriber/deploy.sh: {}
villevillegas2/proyecto_final/web-recharge-app/deploy.sh: {}
villevillegas2/proyecto_final/web-recharge-app/Dockerfile: {}
villevillegas2/proyecto_final/web-recharge-app/package-lock.json: {}
villevillegas2/proyecto_final/web-recharge-app/Dockerfile: {}
villevillegas2/proyecto_final/web-recharge-app/src/App.js: {}
villevillegas2/proyecto_final/web-recharge-app/src/App.css: {}
villevillegas2/proyecto_final/topic_subscriber/Dockerfile: {}
villevillegas2/proyecto_final/topic_subscriber/deploy.sh: {}
villevillegas2/proyecto_final/topic_subscriber/index.js: {}
villevillegas2/proyecto_final/topic_subscriber/index.js: Using EditorConfig core...
villevillegas2/proyecto_final/topic_subscriber/index.js: Using EditorConfig core...
villevillegas2/proyecto_final/topic_subscriber/index.js: Using EditorConfig core...
villevillegas2/proyecto_final/topic_subscriber/index.js: Using EditorConfig core...
villevillegas2/proyecto_final/topic_subscriber/index.js: {}
villevillegas2/proyecto_final/topic_subscriber/index.js: {}
villevillegas2/proyecto_final/topic_subscriber/index.js: Using EditorConfig core...
villevillegas2/proyecto_final/topic_subscriber/index.js: Using EditorConfig core...
/home/villevillegas2/.bash_logout: {}
/git-error-1752639788183: {}
/git-error-1752639788183: {}
/git-error-1752639788183: {}
/git-error-1752640068935: {}
/git-error-1752640068935: {}
villevillegas2/proyecto_final/.gitignore: {}
villevillegas2/proyecto_final/.gitignore: {}
villevillegas2/proyecto_final/.gitignore: {}
villevillegas2/proyecto_final/.gitignore: Using EditorConfig core...
villevillegas2/proyecto_final/.gitignore: Using EditorConfig core...
villevillegas2/proyecto_final/.gitignore: Using EditorConfig core...
villevillegas2/proyecto_final/.gitignore: Using EditorConfig core...
villevillegas2/proyecto_final/.gitignore: Using EditorConfig core...
villevillegas2/README-cloudshell.txt: {}
villevillegas2/proyecto_final/rm: {}
villevillegas2/proyecto_final/ingress.yaml: {}
villevillegas2/proyecto_final/git: {}
/home/villevillegas2/.bash_history: {}
villevillegas2/proyecto_final/git: {}
villevillegas2/proyecto_final/ingress.yaml: {}
villevillegas2/proyecto_final/rm: {}
villevillegas2/proyecto_final/.gitignore: {}
villevillegas2/proyecto_final/git: {}
villevillegas2/proyecto_final/.gitignore: {}
villevillegas2/proyecto_final/.gitignore: Using EditorConfig core...
villevillegas2/proyecto_final/.gitignore: Using EditorConfig core...
villevillegas2/proyecto_final/.gitignore: Using EditorConfig core...
villevillegas2/proyecto_final/.gitignore: Using EditorConfig core...
villevillegas2/proyecto_final/.gitignore: Using EditorConfig core...
villevillegas2/proyecto_final/balance_update_service/balance-update-service.yaml: {}
villevillegas2/README-cloudshell.txt: {}
villevillegas2/proyecto_final/.gitignore: {}
villevillegas2/proyecto_final/.gitignore: Using EditorConfig core...
villevillegas2/proyecto_final/.gitignore: Using EditorConfig core...
villevillegas2/proyecto_final/.gitignore: Using EditorConfig core...
villevillegas2/proyecto_final/.gitignore: Using EditorConfig core...
villevillegas2/proyecto_final/.gitignore: Using EditorConfig core...
villevillegas2/proyecto_final/.gitignore: Using EditorConfig core...
villevillegas2/proyecto_final/.gitignore: Using EditorConfig core...
villevillegas2/proyecto_final/.gitignore: Using EditorConfig core...
villevillegas2/proyecto_final/.gitignore: Using EditorConfig core...
villevillegas2/proyecto_final/.gitignore: Using EditorConfig core...
villevillegas2/proyecto_final/.gitignore: Using EditorConfig core...
villevillegas2/proyecto_final/.gitignore: Using EditorConfig core...
vscode.git.Git: {}
villevillegas2/proyecto_final/.gitignore: {}
villevillegas2/.bash_history: {}
villevillegas2/proyecto_final/.gitignore: {}
villevillegas2/proyecto_final/.gitignore: Using EditorConfig core...
villevillegas2/proyecto_final/.gitignore: Using EditorConfig core...
villevillegas2/.cache/typescript/5.8/node_modules/@types/express-serve-static-core/package.json: {}
vscode.git.Git: {}
villevillegas2/proyecto_final/.gitignore: {}
villevillegas2/.cache/typescript/5.8/node_modules/@types/express-serve-static-core/package.json: {}
villevillegas2/proyecto_final/.gitignore: {}
villevillegas2/.cache/typescript/5.8/node_modules/@types/express-serve-static-core/package.json: {}
villevillegas2/proyecto_final/.gitignore: {}
villevillegas2/proyecto_final/.gitignore: Using EditorConfig core...
villevillegas2/.cache/typescript/5.8/node_modules/@types/express-serve-static-core/package.json: {}
villevillegas2/proyecto_final/.gitignore: {}
vscode.git.Git: {}
villevillegas2/proyecto_final/.gitignore: {}
