0 verbose cli /usr/local/nvm/versions/node/v22.17.0/bin/node /usr/local/nvm/versions/node/v22.17.0/bin/npm
1 info using npm@11.4.2
2 info using node@v22.17.0
3 silly config load:file:/usr/local/nvm/versions/node/v22.17.0/lib/node_modules/npm/npmrc
4 silly config load:file:/home/villevillegas2/.cache/typescript/5.8/.npmrc
5 silly config load:file:/home/villevillegas2/.npmrc
6 silly config load:file:/usr/local/nvm/versions/node/v22.17.0/etc/npmrc
7 verbose title npm install @types/body-parser@ts5.8 @types/express@ts5.8
8 verbose argv "install" "--ignore-scripts" "@types/body-parser@ts5.8" "@types/express@ts5.8" "--save-dev" "--user-agent" "typesInstaller/5.8.2"
9 verbose logfile logs-max:10 dir:/home/villevillegas2/.npm/_logs/2025-07-16T04_24_06_033Z-
10 verbose logfile /home/villevillegas2/.npm/_logs/2025-07-16T04_24_06_033Z-debug-0.log
11 silly logfile start cleaning logs, removing 1 files
12 silly packumentCache heap:2197815296 maxSize:549453824 maxEntrySize:274726912
13 silly logfile done cleaning log files
14 silly packumentCache corgi:https://registry.npmjs.org/@types%2fbody-parser cache-miss
15 silly packumentCache corgi:https://registry.npmjs.org/@types%2fexpress cache-miss
16 http fetch GET 200 https://registry.npmjs.org/@types%2fbody-parser 273ms (cache revalidated)
17 silly packumentCache corgi:https://registry.npmjs.org/@types%2fbody-parser set size:23785 disposed:false
18 http fetch GET 200 https://registry.npmjs.org/@types%2fexpress 277ms (cache revalidated)
19 silly packumentCache corgi:https://registry.npmjs.org/@types%2fexpress set size:51110 disposed:false
20 silly idealTree buildDeps
21 silly fetch manifest @types/body-parser@1.19.6
22 silly packumentCache full:https://registry.npmjs.org/@types%2fbody-parser cache-miss
23 http fetch GET 200 https://registry.npmjs.org/@types%2fbody-parser 74ms (cache revalidated)
24 silly packumentCache full:https://registry.npmjs.org/@types%2fbody-parser set size:59449 disposed:false
25 silly fetch manifest @types/express@5.0.3
26 silly packumentCache full:https://registry.npmjs.org/@types%2fexpress cache-miss
27 http fetch GET 200 https://registry.npmjs.org/@types%2fexpress 83ms (cache revalidated)
28 silly packumentCache full:https://registry.npmjs.org/@types%2fexpress set size:101990 disposed:false
29 silly placeDep ROOT @types/body-parser@1.19.6 REPLACE for:  want: 1.19.6
30 silly placeDep ROOT @types/express@5.0.3 REPLACE for:  want: 5.0.3
31 silly reify moves {}
32 silly audit bulk request {
32 silly audit   '@types/connect': [ '3.4.38' ],
32 silly audit   '@types/debug': [ '4.1.12' ],
32 silly audit   '@types/express-serve-static-core': [ '5.0.7' ],
32 silly audit   '@types/http-errors': [ '2.0.5' ],
32 silly audit   '@types/mime': [ '1.3.5' ],
32 silly audit   '@types/ms': [ '2.1.0' ],
32 silly audit   '@types/node': [ '24.0.13' ],
32 silly audit   '@types/qs': [ '6.14.0' ],
32 silly audit   '@types/range-parser': [ '1.2.7' ],
32 silly audit   '@types/react': [ '19.1.8' ],
32 silly audit   '@types/react-dom': [ '19.1.6' ],
32 silly audit   '@types/send': [ '0.17.5' ],
32 silly audit   '@types/serve-static': [ '1.15.8' ],
32 silly audit   csstype: [ '3.1.3' ],
32 silly audit   'types-registry': [ '0.1.729' ],
32 silly audit   'undici-types': [ '7.8.0' ],
32 silly audit   '@types/body-parser': [ '1.19.6' ],
32 silly audit   '@types/express': [ '5.0.3' ]
32 silly audit }
33 http fetch POST 200 https://registry.npmjs.org/-/npm/v1/security/advisories/bulk 136ms
34 silly audit report {}
35 verbose cwd /home/villevillegas2/.cache/typescript/5.8
36 verbose os Linux 6.6.93+
37 verbose node v22.17.0
38 verbose npm  v11.4.2
39 verbose exit 0
40 info ok
