2025-07-15 03:26:11.803 [info] [main] Log level: Info
2025-07-15 03:26:11.803 [info] [main] Validating found git in: "git"
2025-07-15 03:26:11.803 [info] [main] Using git "2.43.0" from "git"
2025-07-15 03:26:11.803 [info] [Model][doInitialScan] Initial repository scan started
2025-07-15 03:26:11.803 [info] > git rev-parse --show-toplevel [6ms]
2025-07-15 03:26:11.803 [info] fatal: not a git repository (or any parent up to mount point /)
Stopping at filesystem boundary (GIT_DISCOVERY_ACROSS_FILESYSTEM not set).
2025-07-15 03:26:11.803 [info] > git rev-parse --show-toplevel [4ms]
2025-07-15 03:26:11.803 [info] fatal: not a git repository (or any parent up to mount point /)
Stopping at filesystem boundary (GIT_DISCOVERY_ACROSS_FILESYSTEM not set).
2025-07-15 03:26:11.810 [info] > git rev-parse --show-toplevel [2ms]
2025-07-15 03:26:11.810 [info] fatal: not a git repository (or any parent up to mount point /)
Stopping at filesystem boundary (GIT_DISCOVERY_ACROSS_FILESYSTEM not set).
2025-07-15 03:26:11.817 [info] > git rev-parse --show-toplevel [2ms]
2025-07-15 03:26:11.817 [info] fatal: not a git repository (or any parent up to mount point /)
Stopping at filesystem boundary (GIT_DISCOVERY_ACROSS_FILESYSTEM not set).
2025-07-15 03:26:11.834 [info] > git rev-parse --show-toplevel [13ms]
2025-07-15 03:26:11.834 [info] fatal: not a git repository (or any parent up to mount point /)
Stopping at filesystem boundary (GIT_DISCOVERY_ACROSS_FILESYSTEM not set).
2025-07-15 03:26:11.859 [info] > git rev-parse --show-toplevel [3ms]
2025-07-15 03:26:11.860 [info] fatal: not a git repository (or any parent up to mount point /)
Stopping at filesystem boundary (GIT_DISCOVERY_ACROSS_FILESYSTEM not set).
2025-07-15 03:26:12.072 [info] > git rev-parse --show-toplevel [18ms]
2025-07-15 03:26:12.072 [info] fatal: not a git repository (or any parent up to mount point /)
Stopping at filesystem boundary (GIT_DISCOVERY_ACROSS_FILESYSTEM not set).
2025-07-15 03:26:12.087 [info] > git rev-parse --show-toplevel [9ms]
2025-07-15 03:26:12.087 [info] fatal: not a git repository (or any parent up to mount point /)
Stopping at filesystem boundary (GIT_DISCOVERY_ACROSS_FILESYSTEM not set).
2025-07-15 03:26:12.092 [info] > git rev-parse --show-toplevel [2ms]
2025-07-15 03:26:12.093 [info] fatal: not a git repository (or any parent up to mount point /)
Stopping at filesystem boundary (GIT_DISCOVERY_ACROSS_FILESYSTEM not set).
2025-07-15 03:26:12.098 [info] > git rev-parse --show-toplevel [2ms]
2025-07-15 03:26:12.098 [info] fatal: not a git repository (or any parent up to mount point /)
Stopping at filesystem boundary (GIT_DISCOVERY_ACROSS_FILESYSTEM not set).
2025-07-15 03:26:12.104 [info] > git rev-parse --show-toplevel [1ms]
2025-07-15 03:26:12.104 [info] fatal: not a git repository (or any parent up to mount point /)
Stopping at filesystem boundary (GIT_DISCOVERY_ACROSS_FILESYSTEM not set).
2025-07-15 03:26:12.104 [info] [Model][doInitialScan] Initial repository scan completed - repositories (0), closed repositories (0), parent repositories (0), unsafe repositories (0)
