Initializing document watcher...
Document watcher initialized
villevillegas2/web-recharge-app-service/post-recharges.sh: {}
villevillegas2/proyecto_final/web-recharge-app/Dockerfile: Using EditorConfig core...
villevillegas2/proyecto_final/web-recharge-app/Dockerfile: {}
villevillegas2/proyecto_final/web-recharge-app/Dockerfile: Using EditorConfig core...
villevillegas2/proyecto_final/web-recharge-app/Dockerfile: {}
villevillegas2/proyecto_final/web-recharge-app/package-lock.json: {}
villevillegas2/proyecto_final/web-recharge-app/package-lock.json: {}
villevillegas2/proyecto_final/web-recharge-app/package-lock.json: {}
villevillegas2/proyecto_final/web-recharge-app/public/robots.txt: {}
villevillegas2/proyecto_final/web-recharge-app/public/manifest.json: {}
villevillegas2/proyecto_final/web-recharge-app/public/manifest.json: {}
villevillegas2/proyecto_final/web-recharge-app/public/manifest.json: {}
villevillegas2/proyecto_final/web-recharge-app/public/index.html: {}
villevillegas2/proyecto_final/web-recharge-app/package.json: {}
villevillegas2/proyecto_final/web-recharge-app/package-lock.json: {}
villevillegas2/proyecto_final/web-recharge-app/src/App.js: {}
villevillegas2/proyecto_final/web-recharge-app/src/App.js: Using EditorConfig core...
villevillegas2/proyecto_final/web-recharge-app/src/App.js: Using EditorConfig core...
villevillegas2/proyecto_final/web-recharge-app/src/App.js: Using EditorConfig core...
villevillegas2/proyecto_final/web-recharge-app/src/App.js: Using EditorConfig core...
villevillegas2/proyecto_final/web-recharge-app/src/App.js: Using EditorConfig core...
villevillegas2/proyecto_final/web-recharge-app/src/App.js: {}
villevillegas2/proyecto_final/web-recharge-app/src/App.js: Using EditorConfig core...
villevillegas2/proyecto_final/web-recharge-app/src/App.js: Using EditorConfig core...
villevillegas2/proyecto_final/web-recharge-app/src/App.js: Using EditorConfig core...
villevillegas2/proyecto_final/web-recharge-app/src/App.js: {}
villevillegas2/proyecto_final/web-recharge-app/src/App.js: {}
villevillegas2/proyecto_final/web-recharge-app/src/App.js: Using EditorConfig core...
villevillegas2/proyecto_final/web-recharge-app/src/App.js: {}
villevillegas2/proyecto_final/web-recharge-app/src/App.js: Using EditorConfig core...
villevillegas2/proyecto_final/web-recharge-app/src/App.js: Using EditorConfig core...
villevillegas2/proyecto_final/web-recharge-app/src/App.js: Using EditorConfig core...
villevillegas2/proyecto_final/web-recharge-app/src/App.js: {}
villevillegas2/proyecto_final/web-recharge-app/src/App.js: Using EditorConfig core...
villevillegas2/proyecto_final/web-recharge-app/src/App.js: Using EditorConfig core...
villevillegas2/proyecto_final/web-recharge-app/src/App.js: Using EditorConfig core...
villevillegas2/proyecto_final/web-recharge-app/src/App.js: Using EditorConfig core...
villevillegas2/proyecto_final/web-recharge-app/src/App.js: Using EditorConfig core...
villevillegas2/proyecto_final/web-recharge-app/src/App.js: {}
villevillegas2/proyecto_final/web-recharge-app/src/App.js: Using EditorConfig core...
villevillegas2/proyecto_final/web-recharge-app/src/App.js: Using EditorConfig core...
villevillegas2/proyecto_final/web-recharge-app/src/App.js: {}
villevillegas2/proyecto_final/web-recharge-app/src/App.js: {}
villevillegas2/proyecto_final/web-recharge-app/src/App.js: {}
villevillegas2/proyecto_final/web-recharge-app/src/App.js: {}
villevillegas2/proyecto_final/web-recharge-app/src/App.js: Using EditorConfig core...
villevillegas2/proyecto_final/web-recharge-app/src/App.js: Using EditorConfig core...
villevillegas2/proyecto_final/web-recharge-app/src/App.js: Using EditorConfig core...
villevillegas2/proyecto_final/web-recharge-app/src/App.js: Using EditorConfig core...
villevillegas2/proyecto_final/web-recharge-app/src/App.js: Using EditorConfig core...
villevillegas2/proyecto_final/web-recharge-app/src/App.js: Using EditorConfig core...
villevillegas2/proyecto_final/web-recharge-app/src/App.js: {}
villevillegas2/proyecto_final/web-recharge-app/src/App.js: Using EditorConfig core...
villevillegas2/proyecto_final/web-recharge-app/src/App.js: Using EditorConfig core...
villevillegas2/proyecto_final/web-recharge-app/src/App.js: Using EditorConfig core...
villevillegas2/proyecto_final/web-recharge-app/src/App.js: Using EditorConfig core...
villevillegas2/proyecto_final/web-recharge-app/src/App.js: Using EditorConfig core...
villevillegas2/proyecto_final/web-recharge-app/src/App.js: {}
villevillegas2/proyecto_final/web-recharge-app/src/App.js: {}
villevillegas2/proyecto_final/web-recharge-app/src/App.js: {}
villevillegas2/proyecto_final/web-recharge-app/src/App.js: {}
villevillegas2/web-recharge-app-service/post-recharges.sh: {}
villevillegas2/web-recharge-app-service/post-recharges.sh: {}
villevillegas2/web-recharge-app-service/post-recharges.sh: {}
villevillegas2/web-recharge-app-service/post-recharges.sh: {}
villevillegas2/web-recharge-app-service/post-recharges.sh: {}
villevillegas2/web-recharge-app-service/post-recharges.sh: {}
villevillegas2/web-recharge-app-service/post-recharges.sh: {}
villevillegas2/web-recharge-app-service/post-recharges.sh: {}
villevillegas2/web-recharge-app-service/post-recharges.sh: {}
villevillegas2/web-recharge-app-service/post-recharges.sh: {}
villevillegas2/web-recharge-app-service/post-recharges.sh: {}
villevillegas2/web-recharge-app-service/post-recharges.sh: {}
villevillegas2/web-recharge-app-service/post-recharges.sh: {}
villevillegas2/web-recharge-app-service/post-recharges.sh: {}
undefined: {}
villevillegas2/web-recharge-app-service/post-recharges.sh: {}
villevillegas2/proyecto_final/web-recharge-app/src/App.js: {}
villevillegas2/proyecto_final/web-recharge-app/src/App.js: {}
villevillegas2/proyecto_final/web-recharge-app/src/App.js: {}
