Initializing document watcher...
Document watcher initialized
villevillegas2/proyecto_final/web-recharge-app/src/App.js: {}
undefined: {}
villevillegas2/proyecto_final/web-recharge-app/src/App.js: {}
villevillegas2/proyecto_final/web-recharge-app/src/App.js: {}
villevillegas2/proyecto_final/web-recharge-app/src/App.js: {}
undefined: {}
villevillegas2/proyecto_final/web-recharge-app/src/App.js: {}
villevillegas2/proyecto_final/web-recharge-app/src/App.js: Using EditorConfig core...
villevillegas2/proyecto_final/web-recharge-app/src/App.js: Using EditorConfig core...
villevillegas2/proyecto_final/web-recharge-app/src/App.js: Using EditorConfig core...
villevillegas2/proyecto_final/web-recharge-app/src/App.js: Using EditorConfig core...
villevillegas2/proyecto_final/web-recharge-app/src/App.js: Using EditorConfig core...
villevillegas2/proyecto_final/web-recharge-app/src/App.js: Using EditorConfig core...
villevillegas2/proyecto_final/web-recharge-app/src/App.js: {}
villevillegas2/proyecto_final/web-recharge-app/src/App.js: {}
villevillegas2/proyecto_final/web-recharge-app/src/App.js: {}
villevillegas2/proyecto_final/web-recharge-app/src/App.js: {}
villevillegas2/proyecto_final/web-recharge-app/src/App.js: {}
villevillegas2/proyecto_final/web-recharge-app/src/App.js: Using EditorConfig core...
villevillegas2/proyecto_final/web-recharge-app/src/App.js: Using EditorConfig core...
villevillegas2/proyecto_final/web-recharge-app/src/App.js: Using EditorConfig core...
villevillegas2/proyecto_final/web-recharge-app/src/App.js: Using EditorConfig core...
villevillegas2/proyecto_final/web-recharge-app/src/App.js: {}
villevillegas2/proyecto_final/web-recharge-app/src/App.js: {}
villevillegas2/proyecto_final/web-recharge-app/src/App.js: {}
villevillegas2/proyecto_final/web-recharge-app/src/App.js: {}
villevillegas2/proyecto_final/web-recharge-app/src/App.js: Using EditorConfig core...
villevillegas2/proyecto_final/web-recharge-app/src/App.js: Using EditorConfig core...
villevillegas2/proyecto_final/web-recharge-app/src/App.js: Using EditorConfig core...
villevillegas2/proyecto_final/web-recharge-app/src/App.js: Using EditorConfig core...
villevillegas2/proyecto_final/web-recharge-app/src/App.js: {}
villevillegas2/proyecto_final/web-recharge-app/src/App.js: {}
villevillegas2/proyecto_final/web-recharge-app/src/App.js: Using EditorConfig core...
villevillegas2/proyecto_final/web-recharge-app/src/App.js: Using EditorConfig core...
villevillegas2/proyecto_final/web-recharge-app/src/App.js: Using EditorConfig core...
villevillegas2/proyecto_final/web-recharge-app/src/App.js: Using EditorConfig core...
villevillegas2/proyecto_final/web-recharge-app/src/App.js: {}
villevillegas2/proyecto_final/web-recharge-app/src/App.js: Using EditorConfig core...
villevillegas2/proyecto_final/web-recharge-app/src/App.js: Using EditorConfig core...
villevillegas2/proyecto_final/web-recharge-app/src/App.js: Using EditorConfig core...
villevillegas2/proyecto_final/web-recharge-app/src/App.js: Using EditorConfig core...
villevillegas2/proyecto_final/web-recharge-app/src/App.js: {}
villevillegas2/proyecto_final/web-recharge-app/src/App.js: {}
villevillegas2/proyecto_final/web-recharge-app/src/App.js: {}
villevillegas2/proyecto_final/web-recharge-app/src/App.js: Using EditorConfig core...
villevillegas2/proyecto_final/web-recharge-app/src/App.js: Using EditorConfig core...
villevillegas2/proyecto_final/web-recharge-app/src/App.js: Using EditorConfig core...
villevillegas2/proyecto_final/web-recharge-app/src/App.js: {}
villevillegas2/proyecto_final/web-recharge-app/src/App.js: Using EditorConfig core...
villevillegas2/proyecto_final/web-recharge-app/src/App.js: Using EditorConfig core...
villevillegas2/proyecto_final/web-recharge-app/src/App.js: {}
villevillegas2/proyecto_final/web-recharge-app/src/App.js: {}
villevillegas2/proyecto_final/web-recharge-app/src/App.js: {}
villevillegas2/proyecto_final/web-recharge-app/src/App.js: {}
