Initializing document watcher...
Document watcher initialized
villevillegas2/proyecto_final/web-recharge-app/src/App.js: {}
villevillegas2/web-recharge-app-service/package.json: {}
villevillegas2/web-recharge-app-service/package-lock.json: {}
villevillegas2/web-recharge-app-service/package.json: {}
villevillegas2/web-recharge-app-service/package.json: {}
villevillegas2/web-recharge-app-service/package.json: {}
villevillegas2/web-recharge-app-service/package.json: Using EditorConfig core...
villevillegas2/web-recharge-app-service/package.json: {}
villevillegas2/web-recharge-app-service/index.js: {}
villevillegas2/web-recharge-app-service/index.js: {}
villevillegas2/web-recharge-app-service/index.js: Using EditorConfig core...
villevillegas2/web-recharge-app-service/index.js: {}
villevillegas2/web-recharge-app-service/index.js: Using EditorConfig core...
villevillegas2/web-recharge-app-service/index.js: Using EditorConfig core...
villevillegas2/web-recharge-app-service/index.js: Using EditorConfig core...
villevillegas2/web-recharge-app-service/index.js: Using EditorConfig core...
villevillegas2/web-recharge-app-service/index.js: Using EditorConfig core...
villevillegas2/web-recharge-app-service/index.js: Using EditorConfig core...
villevillegas2/web-recharge-app-service/index.js: Using EditorConfig core...
villevillegas2/web-recharge-app-service/index.js: Using EditorConfig core...
villevillegas2/web-recharge-app-service/index.js: Using EditorConfig core...
villevillegas2/web-recharge-app-service/index.js: Using EditorConfig core...
villevillegas2/web-recharge-app-service/index.js: Using EditorConfig core...
villevillegas2/web-recharge-app-service/index.js: Using EditorConfig core...
villevillegas2/web-recharge-app-service/index.js: {}
villevillegas2/web-recharge-app-service/index.js: {}
villevillegas2/web-recharge-app-service/index.js: {}
villevillegas2/web-recharge-app-service/index.js: {}
villevillegas2/web-recharge-app-service/Dockerfile: {}
villevillegas2/web-recharge-app-service/Dockerfile: {}
villevillegas2/web-recharge-app-service/Dockerfile: Using EditorConfig core...
villevillegas2/web-recharge-app-service/Dockerfile: Using EditorConfig core...
villevillegas2/web-recharge-app-service/Dockerfile: Using EditorConfig core...
villevillegas2/web-recharge-app-service/Dockerfile: {}
villevillegas2/web-recharge-app-service/deploy.sh: {}
villevillegas2/web-recharge-app-service/deploy.sh: {}
villevillegas2/web-recharge-app-service/deploy.sh: Using EditorConfig core...
villevillegas2/web-recharge-app-service/deploy.sh: {}
villevillegas2/web-recharge-app-service/deploy.sh: Using EditorConfig core...
villevillegas2/web-recharge-app-service/deploy.sh: {}
villevillegas2/web-recharge-app-service/deploy.sh: Using EditorConfig core...
villevillegas2/web-recharge-app-service/deploy.sh: {}
villevillegas2/web-recharge-app-service/deploy.sh: {}
villevillegas2/web-recharge-app-service/deploy.sh: Using EditorConfig core...
villevillegas2/web-recharge-app-service/Dockerfile: {}
villevillegas2/web-recharge-app-service/Dockerfile: Using EditorConfig core...
villevillegas2/web-recharge-app-service/index.js: {}
villevillegas2/web-recharge-app-service/index.js: Using EditorConfig core...
villevillegas2/web-recharge-app-service/index.js: {}
