2025-07-16 00:33:00.685 [info] [main] Log level: Info
2025-07-16 00:33:00.685 [info] [main] Validating found git in: "git"
2025-07-16 00:33:00.685 [info] [main] Using git "2.43.0" from "git"
2025-07-16 00:33:00.685 [info] [Model][doInitialScan] Initial repository scan started
2025-07-16 00:33:00.685 [info] > git rev-parse --show-toplevel [23ms]
2025-07-16 00:33:00.685 [info] fatal: not a git repository (or any parent up to mount point /)
Stopping at filesystem boundary (GIT_DISCOVERY_ACROSS_FILESYSTEM not set).
2025-07-16 00:33:00.687 [info] > git rev-parse --show-toplevel [4ms]
2025-07-16 00:33:00.687 [info] fatal: not a git repository (or any parent up to mount point /)
Stopping at filesystem boundary (GIT_DISCOVERY_ACROSS_FILESYSTEM not set).
2025-07-16 00:33:00.700 [info] > git rev-parse --show-toplevel [2ms]
2025-07-16 00:33:00.700 [info] fatal: not a git repository (or any parent up to mount point /)
Stopping at filesystem boundary (GIT_DISCOVERY_ACROSS_FILESYSTEM not set).
2025-07-16 00:33:00.710 [info] > git rev-parse --show-toplevel [1ms]
2025-07-16 00:33:00.710 [info] fatal: not a git repository (or any parent up to mount point /)
Stopping at filesystem boundary (GIT_DISCOVERY_ACROSS_FILESYSTEM not set).
2025-07-16 00:33:00.719 [info] > git rev-parse --show-toplevel [2ms]
2025-07-16 00:33:00.720 [info] fatal: not a git repository (or any parent up to mount point /)
Stopping at filesystem boundary (GIT_DISCOVERY_ACROSS_FILESYSTEM not set).
2025-07-16 00:33:00.861 [info] > git rev-parse --show-toplevel [133ms]
2025-07-16 00:33:00.861 [info] fatal: not a git repository (or any parent up to mount point /)
Stopping at filesystem boundary (GIT_DISCOVERY_ACROSS_FILESYSTEM not set).
2025-07-16 00:33:00.878 [info] > git rev-parse --show-toplevel [8ms]
2025-07-16 00:33:00.878 [info] fatal: not a git repository (or any parent up to mount point /)
Stopping at filesystem boundary (GIT_DISCOVERY_ACROSS_FILESYSTEM not set).
2025-07-16 00:33:00.888 [info] > git rev-parse --show-toplevel [2ms]
2025-07-16 00:33:00.888 [info] fatal: not a git repository (or any parent up to mount point /)
Stopping at filesystem boundary (GIT_DISCOVERY_ACROSS_FILESYSTEM not set).
2025-07-16 00:33:00.898 [info] > git rev-parse --show-toplevel [3ms]
2025-07-16 00:33:00.898 [info] fatal: not a git repository (or any parent up to mount point /)
Stopping at filesystem boundary (GIT_DISCOVERY_ACROSS_FILESYSTEM not set).
2025-07-16 00:33:00.917 [info] > git rev-parse --show-toplevel [11ms]
2025-07-16 00:33:00.917 [info] fatal: not a git repository (or any parent up to mount point /)
Stopping at filesystem boundary (GIT_DISCOVERY_ACROSS_FILESYSTEM not set).
2025-07-16 00:33:00.931 [info] > git rev-parse --show-toplevel [6ms]
2025-07-16 00:33:00.931 [info] fatal: not a git repository (or any parent up to mount point /)
Stopping at filesystem boundary (GIT_DISCOVERY_ACROSS_FILESYSTEM not set).
2025-07-16 00:33:00.941 [info] > git rev-parse --show-toplevel [2ms]
2025-07-16 00:33:00.941 [info] fatal: not a git repository (or any parent up to mount point /)
Stopping at filesystem boundary (GIT_DISCOVERY_ACROSS_FILESYSTEM not set).
2025-07-16 00:33:00.942 [info] [Model][doInitialScan] Initial repository scan completed - repositories (0), closed repositories (0), parent repositories (0), unsafe repositories (0)
2025-07-16 00:33:04.510 [info] > git rev-parse --show-toplevel [6ms]
2025-07-16 00:33:04.510 [info] fatal: not a git repository (or any parent up to mount point /)
Stopping at filesystem boundary (GIT_DISCOVERY_ACROSS_FILESYSTEM not set).
2025-07-16 00:33:17.497 [info] > git rev-parse --show-toplevel [5ms]
2025-07-16 00:33:17.497 [info] fatal: not a git repository (or any parent up to mount point /)
Stopping at filesystem boundary (GIT_DISCOVERY_ACROSS_FILESYSTEM not set).
2025-07-16 00:33:28.343 [info] > git rev-parse --show-toplevel [6ms]
2025-07-16 00:33:28.343 [info] fatal: not a git repository (or any parent up to mount point /)
Stopping at filesystem boundary (GIT_DISCOVERY_ACROSS_FILESYSTEM not set).
2025-07-16 00:33:31.284 [info] > git rev-parse --show-toplevel [5ms]
2025-07-16 00:33:31.284 [info] fatal: not a git repository (or any parent up to mount point /)
Stopping at filesystem boundary (GIT_DISCOVERY_ACROSS_FILESYSTEM not set).
