Initializing document watcher...
Document watcher initialized
villevillegas2/web-recharge-app-service/deploy.sh: {}
villevillegas2/web-recharge-app-service/deploy.sh: Using EditorConfig core...
villevillegas2/web-recharge-app-service/deploy.sh: Using EditorConfig core...
villevillegas2/web-recharge-app-service/deploy.sh: Using EditorConfig core...
villevillegas2/web-recharge-app-service/deploy.sh: Using EditorConfig core...
villevillegas2/web-recharge-app-service/deploy.sh: Using EditorConfig core...
villevillegas2/web-recharge-app-service/deploy.sh: Using EditorConfig core...
villevillegas2/web-recharge-app-service/deploy.sh: Using EditorConfig core...
villevillegas2/web-recharge-app-service/deploy.sh: Using EditorConfig core...
villevillegas2/web-recharge-app-service/deploy.sh: {}
villevillegas2/web-recharge-app-service/deploy.sh: {}
villevillegas2/web-recharge-app-service/deploy.sh: Using EditorConfig core...
villevillegas2/web-recharge-app-service/deploy.sh: Using EditorConfig core...
villevillegas2/web-recharge-app-service/deploy.sh: {}
villevillegas2/web-recharge-app-service/deploy.sh: {}
villevillegas2/web-recharge-app-service/deploy.sh: {}
villevillegas2/web-recharge-app-service/deploy.sh: Using EditorConfig core...
villevillegas2/web-recharge-app-service/deploy.sh: {}
villevillegas2/web-recharge-app-service/deploy.sh: {}
villevillegas2/web-recharge-app-service/post-recharges.sh: {}
villevillegas2/web-recharge-app-service/post-recharges.sh: Using EditorConfig core...
villevillegas2/web-recharge-app-service/post-recharges.sh: {}
villevillegas2/web-recharge-app-service/post-recharges.sh: Using EditorConfig core...
villevillegas2/web-recharge-app-service/post-recharges.sh: Using EditorConfig core...
villevillegas2/web-recharge-app-service/post-recharges.sh: Using EditorConfig core...
villevillegas2/web-recharge-app-service/post-recharges.sh: Using EditorConfig core...
villevillegas2/web-recharge-app-service/post-recharges.sh: Using EditorConfig core...
villevillegas2/web-recharge-app-service/post-recharges.sh: Using EditorConfig core...
villevillegas2/web-recharge-app-service/post-recharges.sh: Using EditorConfig core...
villevillegas2/web-recharge-app-service/post-recharges.sh: Using EditorConfig core...
villevillegas2/web-recharge-app-service/post-recharges.sh: Using EditorConfig core...
villevillegas2/web-recharge-app-service/post-recharges.sh: Using EditorConfig core...
villevillegas2/web-recharge-app-service/post-recharges.sh: Using EditorConfig core...
villevillegas2/web-recharge-app-service/post-recharges.sh: Using EditorConfig core...
villevillegas2/web-recharge-app-service/post-recharges.sh: Using EditorConfig core...
villevillegas2/web-recharge-app-service/post-recharges.sh: Using EditorConfig core...
villevillegas2/web-recharge-app-service/post-recharges.sh: Using EditorConfig core...
villevillegas2/web-recharge-app-service/post-recharges.sh: Using EditorConfig core...
villevillegas2/web-recharge-app-service/post-recharges.sh: Using EditorConfig core...
villevillegas2/web-recharge-app-service/post-recharges.sh: {}
villevillegas2/web-recharge-app-service/post-recharges.sh: {}
