Initializing document watcher...
Document watcher initialized
villevillegas2/proyecto_final/topic_subscriber/deploy.sh: {}
villevillegas2/proyecto_final/topic_subscriber/deploy.sh: {}
villevillegas2/proyecto_final/balance_update_service/index.js: {}
villevillegas2/proyecto_final/sell_registration_microservice/index.js: {}
villevillegas2/proyecto_final/sell_registration_microservice/index.js: {}
villevillegas2/proyecto_final/sell_registration_microservice/index.js: {}
villevillegas2/web-recharge-app-service/index.js: {}
villevillegas2/web-recharge-app-service/package-lock.json: {}
villevillegas2/web-recharge-app-service/package.json: {}
villevillegas2/proyecto_final/sell_registration_microservice/index.js: {}
villevillegas2/proyecto_final/sell_registration_microservice/package.json: {}
villevillegas2/proyecto_final/sell_registration_microservice/package.json: Using EditorConfig core...
villevillegas2/proyecto_final/balance_update_service/package.json: {}
villevillegas2/proyecto_final/balance_update_service/package.json: Using EditorConfig core...
villevillegas2/web-recharge-app-service/index.js: {}
villevillegas2/web-recharge-app-service/package.json: {}
villevillegas2/web-recharge-app-service/package-lock.json: {}
villevillegas2/web-recharge-app-service/package.json: {}
villevillegas2/proyecto_final/web-recharge-app/package.json: {}
villevillegas2/proyecto_final/web-recharge-app/README.md: {}
villevillegas2/proyecto_final/web-recharge-app/README.md: {}
villevillegas2/proyecto_final/web-recharge-app/README.md: {}
villevillegas2/proyecto_final/web-recharge-app/Dockerfile: {}
villevillegas2/web-recharge-app-service/Dockerfile: {}
villevillegas2/web-recharge-app-service/Dockerfile: Using EditorConfig core...
villevillegas2/web-recharge-app-service/Dockerfile: Using EditorConfig core...
villevillegas2/web-recharge-app-service/Dockerfile: Using EditorConfig core...
villevillegas2/web-recharge-app-service/Dockerfile: Using EditorConfig core...
villevillegas2/web-recharge-app-service/Dockerfile: Using EditorConfig core...
villevillegas2/web-recharge-app-service/Dockerfile: Using EditorConfig core...
villevillegas2/proyecto_final/sell_registration_microservice/Dockerfile: {}
villevillegas2/proyecto_final/balance_update_service/Dockerfile: {}
villevillegas2/proyecto_final/sell_registration_microservice/Dockerfile: Using EditorConfig core...
villevillegas2/proyecto_final/balance_update_service/Dockerfile: Using EditorConfig core...
villevillegas2/web-recharge-app-service/deploy.sh: {}
villevillegas2/web-recharge-app-service/deploy.sh: {}
villevillegas2/proyecto_final/balance_update_service/deploy.sh: {}
villevillegas2/proyecto_final/sell_registration_microservice/deploy.sh: {}
villevillegas2/proyecto_final/sell_registration_microservice/deploy.sh: Using EditorConfig core...
villevillegas2/proyecto_final/balance_update_service/deploy.sh: {}
villevillegas2/proyecto_final/balance_update_service/deploy.sh: Using EditorConfig core...
villevillegas2/proyecto_final/balance_update_service/deploy.sh: Using EditorConfig core...
villevillegas2/proyecto_final/balance_update_service/deploy.sh: Using EditorConfig core...
villevillegas2/proyecto_final/balance_update_service/deploy.sh: Using EditorConfig core...
villevillegas2/proyecto_final/balance_update_service/deploy.sh: Using EditorConfig core...
villevillegas2/proyecto_final/balance_update_service/deploy.sh: Using EditorConfig core...
villevillegas2/proyecto_final/sell_registration_microservice/deploy.sh: {}
villevillegas2/proyecto_final/sell_registration_microservice/deploy.sh: Using EditorConfig core...
villevillegas2/proyecto_final/sell_registration_microservice/deploy.sh: Using EditorConfig core...
villevillegas2/proyecto_final/sell_registration_microservice/deploy.sh: Using EditorConfig core...
villevillegas2/proyecto_final/sell_registration_microservice/deploy.sh: Using EditorConfig core...
villevillegas2/proyecto_final/sell_registration_microservice/deploy.sh: Using EditorConfig core...
villevillegas2/proyecto_final/sell_registration_microservice/deploy.sh: Using EditorConfig core...
villevillegas2/proyecto_final/balance_update_service/deploy.sh: {}
villevillegas2/proyecto_final/sell_registration_microservice/deploy.sh: {}
villevillegas2/proyecto_final/sell_registration_microservice/deploy.sh: Using EditorConfig core...
villevillegas2/proyecto_final/sell_registration_microservice/deploy.sh: Using EditorConfig core...
villevillegas2/proyecto_final/sell_registration_microservice/deploy.sh: Using EditorConfig core...
villevillegas2/proyecto_final/sell_registration_microservice/deploy.sh: {}
villevillegas2/proyecto_final/sell_registration_microservice/deploy.sh: {}
