2025-07-15 05:19:20.761 [info] [main] Log level: Info
2025-07-15 05:19:20.761 [info] [main] Validating found git in: "git"
2025-07-15 05:19:20.761 [info] [main] Using git "2.43.0" from "git"
2025-07-15 05:19:20.761 [info] [Model][doInitialScan] Initial repository scan started
2025-07-15 05:19:20.761 [info] > git rev-parse --show-toplevel [35ms]
2025-07-15 05:19:20.761 [info] fatal: not a git repository (or any parent up to mount point /)
Stopping at filesystem boundary (GIT_DISCOVERY_ACROSS_FILESYSTEM not set).
2025-07-15 05:19:20.761 [info] > git rev-parse --show-toplevel [7ms]
2025-07-15 05:19:20.761 [info] fatal: not a git repository (or any parent up to mount point /)
Stopping at filesystem boundary (GIT_DISCOVERY_ACROSS_FILESYSTEM not set).
2025-07-15 05:19:20.771 [info] > git rev-parse --show-toplevel [2ms]
2025-07-15 05:19:20.771 [info] fatal: not a git repository (or any parent up to mount point /)
Stopping at filesystem boundary (GIT_DISCOVERY_ACROSS_FILESYSTEM not set).
2025-07-15 05:19:20.779 [info] > git rev-parse --show-toplevel [2ms]
2025-07-15 05:19:20.779 [info] fatal: not a git repository (or any parent up to mount point /)
Stopping at filesystem boundary (GIT_DISCOVERY_ACROSS_FILESYSTEM not set).
2025-07-15 05:19:20.927 [info] > git rev-parse --show-toplevel [140ms]
2025-07-15 05:19:20.927 [info] fatal: not a git repository (or any parent up to mount point /)
Stopping at filesystem boundary (GIT_DISCOVERY_ACROSS_FILESYSTEM not set).
2025-07-15 05:19:20.948 [info] > git rev-parse --show-toplevel [13ms]
2025-07-15 05:19:20.948 [info] fatal: not a git repository (or any parent up to mount point /)
Stopping at filesystem boundary (GIT_DISCOVERY_ACROSS_FILESYSTEM not set).
2025-07-15 05:19:20.961 [info] > git rev-parse --show-toplevel [2ms]
2025-07-15 05:19:20.961 [info] fatal: not a git repository (or any parent up to mount point /)
Stopping at filesystem boundary (GIT_DISCOVERY_ACROSS_FILESYSTEM not set).
2025-07-15 05:19:20.970 [info] > git rev-parse --show-toplevel [2ms]
2025-07-15 05:19:20.970 [info] fatal: not a git repository (or any parent up to mount point /)
Stopping at filesystem boundary (GIT_DISCOVERY_ACROSS_FILESYSTEM not set).
2025-07-15 05:19:20.979 [info] > git rev-parse --show-toplevel [2ms]
2025-07-15 05:19:20.979 [info] fatal: not a git repository (or any parent up to mount point /)
Stopping at filesystem boundary (GIT_DISCOVERY_ACROSS_FILESYSTEM not set).
2025-07-15 05:19:20.994 [info] > git rev-parse --show-toplevel [8ms]
2025-07-15 05:19:20.994 [info] fatal: not a git repository (or any parent up to mount point /)
Stopping at filesystem boundary (GIT_DISCOVERY_ACROSS_FILESYSTEM not set).
2025-07-15 05:19:21.005 [info] > git rev-parse --show-toplevel [4ms]
2025-07-15 05:19:21.005 [info] fatal: not a git repository (or any parent up to mount point /)
Stopping at filesystem boundary (GIT_DISCOVERY_ACROSS_FILESYSTEM not set).
2025-07-15 05:19:21.006 [info] [Model][doInitialScan] Initial repository scan completed - repositories (0), closed repositories (0), parent repositories (0), unsafe repositories (0)
2025-07-15 05:20:08.156 [info] > git rev-parse --show-toplevel [2ms]
2025-07-15 05:20:08.156 [info] fatal: not a git repository (or any parent up to mount point /)
Stopping at filesystem boundary (GIT_DISCOVERY_ACROSS_FILESYSTEM not set).
2025-07-15 05:20:08.167 [info] > git rev-parse --show-toplevel [2ms]
2025-07-15 05:20:08.167 [info] fatal: not a git repository (or any parent up to mount point /)
Stopping at filesystem boundary (GIT_DISCOVERY_ACROSS_FILESYSTEM not set).
2025-07-15 05:20:08.178 [info] > git rev-parse --show-toplevel [2ms]
2025-07-15 05:20:08.179 [info] fatal: not a git repository (or any parent up to mount point /)
Stopping at filesystem boundary (GIT_DISCOVERY_ACROSS_FILESYSTEM not set).
2025-07-15 05:20:08.200 [info] > git rev-parse --show-toplevel [1ms]
2025-07-15 05:20:08.200 [info] fatal: not a git repository (or any parent up to mount point /)
Stopping at filesystem boundary (GIT_DISCOVERY_ACROSS_FILESYSTEM not set).
2025-07-15 05:20:08.220 [info] > git rev-parse --show-toplevel [5ms]
2025-07-15 05:20:08.220 [info] fatal: not a git repository (or any parent up to mount point /)
Stopping at filesystem boundary (GIT_DISCOVERY_ACROSS_FILESYSTEM not set).
2025-07-15 05:20:08.232 [info] > git rev-parse --show-toplevel [1ms]
2025-07-15 05:20:08.232 [info] fatal: not a git repository (or any parent up to mount point /)
Stopping at filesystem boundary (GIT_DISCOVERY_ACROSS_FILESYSTEM not set).
2025-07-15 05:20:08.253 [info] > git rev-parse --show-toplevel [4ms]
2025-07-15 05:20:08.253 [info] fatal: not a git repository (or any parent up to mount point /)
Stopping at filesystem boundary (GIT_DISCOVERY_ACROSS_FILESYSTEM not set).
2025-07-15 05:20:08.275 [info] > git rev-parse --show-toplevel [1ms]
2025-07-15 05:20:08.275 [info] fatal: not a git repository (or any parent up to mount point /)
Stopping at filesystem boundary (GIT_DISCOVERY_ACROSS_FILESYSTEM not set).
2025-07-15 05:20:08.288 [info] > git rev-parse --show-toplevel [1ms]
2025-07-15 05:20:08.288 [info] fatal: not a git repository (or any parent up to mount point /)
Stopping at filesystem boundary (GIT_DISCOVERY_ACROSS_FILESYSTEM not set).
2025-07-15 05:20:08.321 [info] > git rev-parse --show-toplevel [9ms]
2025-07-15 05:20:08.321 [info] fatal: not a git repository (or any parent up to mount point /)
Stopping at filesystem boundary (GIT_DISCOVERY_ACROSS_FILESYSTEM not set).
2025-07-15 05:20:08.330 [info] > git rev-parse --show-toplevel [2ms]
2025-07-15 05:20:08.330 [info] fatal: not a git repository (or any parent up to mount point /)
Stopping at filesystem boundary (GIT_DISCOVERY_ACROSS_FILESYSTEM not set).
2025-07-15 05:20:08.341 [info] > git rev-parse --show-toplevel [2ms]
2025-07-15 05:20:08.341 [info] fatal: not a git repository (or any parent up to mount point /)
Stopping at filesystem boundary (GIT_DISCOVERY_ACROSS_FILESYSTEM not set).
2025-07-15 05:20:08.356 [info] > git rev-parse --show-toplevel [2ms]
2025-07-15 05:20:08.356 [info] fatal: not a git repository (or any parent up to mount point /)
Stopping at filesystem boundary (GIT_DISCOVERY_ACROSS_FILESYSTEM not set).
2025-07-15 05:20:08.367 [info] > git rev-parse --show-toplevel [1ms]
2025-07-15 05:20:08.367 [info] fatal: not a git repository (or any parent up to mount point /)
Stopping at filesystem boundary (GIT_DISCOVERY_ACROSS_FILESYSTEM not set).
2025-07-15 05:20:08.379 [info] > git rev-parse --show-toplevel [2ms]
2025-07-15 05:20:08.379 [info] fatal: not a git repository (or any parent up to mount point /)
Stopping at filesystem boundary (GIT_DISCOVERY_ACROSS_FILESYSTEM not set).
2025-07-15 05:20:45.912 [info] > git rev-parse --show-toplevel [7ms]
2025-07-15 05:20:45.912 [info] fatal: not a git repository (or any parent up to mount point /)
Stopping at filesystem boundary (GIT_DISCOVERY_ACROSS_FILESYSTEM not set).
2025-07-15 05:20:45.938 [info] > git rev-parse --show-toplevel [1ms]
2025-07-15 05:20:45.938 [info] fatal: not a git repository (or any parent up to mount point /)
Stopping at filesystem boundary (GIT_DISCOVERY_ACROSS_FILESYSTEM not set).
2025-07-15 05:20:45.956 [info] > git rev-parse --show-toplevel [7ms]
2025-07-15 05:20:45.956 [info] fatal: not a git repository (or any parent up to mount point /)
Stopping at filesystem boundary (GIT_DISCOVERY_ACROSS_FILESYSTEM not set).
2025-07-15 05:20:45.969 [info] > git rev-parse --show-toplevel [1ms]
2025-07-15 05:20:45.969 [info] fatal: not a git repository (or any parent up to mount point /)
Stopping at filesystem boundary (GIT_DISCOVERY_ACROSS_FILESYSTEM not set).
2025-07-15 05:20:45.984 [info] > git rev-parse --show-toplevel [2ms]
2025-07-15 05:20:45.984 [info] fatal: not a git repository (or any parent up to mount point /)
Stopping at filesystem boundary (GIT_DISCOVERY_ACROSS_FILESYSTEM not set).
2025-07-15 05:20:45.998 [info] > git rev-parse --show-toplevel [1ms]
2025-07-15 05:20:45.998 [info] fatal: not a git repository (or any parent up to mount point /)
Stopping at filesystem boundary (GIT_DISCOVERY_ACROSS_FILESYSTEM not set).
2025-07-15 05:20:46.011 [info] > git rev-parse --show-toplevel [1ms]
2025-07-15 05:20:46.011 [info] fatal: not a git repository (or any parent up to mount point /)
Stopping at filesystem boundary (GIT_DISCOVERY_ACROSS_FILESYSTEM not set).
2025-07-15 05:20:46.023 [info] > git rev-parse --show-toplevel [2ms]
2025-07-15 05:20:46.023 [info] fatal: not a git repository (or any parent up to mount point /)
Stopping at filesystem boundary (GIT_DISCOVERY_ACROSS_FILESYSTEM not set).
2025-07-15 05:20:46.037 [info] > git rev-parse --show-toplevel [4ms]
2025-07-15 05:20:46.037 [info] fatal: not a git repository (or any parent up to mount point /)
Stopping at filesystem boundary (GIT_DISCOVERY_ACROSS_FILESYSTEM not set).
2025-07-15 05:20:46.048 [info] > git rev-parse --show-toplevel [1ms]
2025-07-15 05:20:46.048 [info] fatal: not a git repository (or any parent up to mount point /)
Stopping at filesystem boundary (GIT_DISCOVERY_ACROSS_FILESYSTEM not set).
2025-07-15 05:20:46.060 [info] > git rev-parse --show-toplevel [2ms]
2025-07-15 05:20:46.060 [info] fatal: not a git repository (or any parent up to mount point /)
Stopping at filesystem boundary (GIT_DISCOVERY_ACROSS_FILESYSTEM not set).
2025-07-15 05:20:46.072 [info] > git rev-parse --show-toplevel [2ms]
2025-07-15 05:20:46.072 [info] fatal: not a git repository (or any parent up to mount point /)
Stopping at filesystem boundary (GIT_DISCOVERY_ACROSS_FILESYSTEM not set).
2025-07-15 05:20:46.082 [info] > git rev-parse --show-toplevel [1ms]
2025-07-15 05:20:46.082 [info] fatal: not a git repository (or any parent up to mount point /)
Stopping at filesystem boundary (GIT_DISCOVERY_ACROSS_FILESYSTEM not set).
2025-07-15 05:20:46.092 [info] > git rev-parse --show-toplevel [1ms]
2025-07-15 05:20:46.092 [info] fatal: not a git repository (or any parent up to mount point /)
Stopping at filesystem boundary (GIT_DISCOVERY_ACROSS_FILESYSTEM not set).
2025-07-15 05:20:46.106 [info] > git rev-parse --show-toplevel [3ms]
2025-07-15 05:20:46.106 [info] fatal: not a git repository (or any parent up to mount point /)
Stopping at filesystem boundary (GIT_DISCOVERY_ACROSS_FILESYSTEM not set).
2025-07-15 05:20:57.002 [info] > git rev-parse --show-toplevel [7ms]
2025-07-15 05:20:57.002 [info] fatal: not a git repository (or any parent up to mount point /)
Stopping at filesystem boundary (GIT_DISCOVERY_ACROSS_FILESYSTEM not set).
2025-07-15 05:21:00.985 [info] > git rev-parse --show-toplevel [5ms]
2025-07-15 05:21:00.985 [info] fatal: not a git repository (or any parent up to mount point /)
Stopping at filesystem boundary (GIT_DISCOVERY_ACROSS_FILESYSTEM not set).
2025-07-15 05:21:32.742 [info] > git rev-parse --show-toplevel [4ms]
2025-07-15 05:21:32.742 [info] fatal: not a git repository (or any parent up to mount point /)
Stopping at filesystem boundary (GIT_DISCOVERY_ACROSS_FILESYSTEM not set).
2025-07-15 05:22:21.692 [info] > git rev-parse --show-toplevel [3ms]
2025-07-15 05:22:21.692 [info] fatal: not a git repository (or any parent up to mount point /)
Stopping at filesystem boundary (GIT_DISCOVERY_ACROSS_FILESYSTEM not set).
2025-07-15 05:22:24.039 [info] > git rev-parse --show-toplevel [3ms]
2025-07-15 05:22:24.039 [info] fatal: not a git repository (or any parent up to mount point /)
Stopping at filesystem boundary (GIT_DISCOVERY_ACROSS_FILESYSTEM not set).
2025-07-15 05:23:12.860 [info] > git rev-parse --show-toplevel [1ms]
2025-07-15 05:23:12.860 [info] fatal: not a git repository (or any parent up to mount point /)
Stopping at filesystem boundary (GIT_DISCOVERY_ACROSS_FILESYSTEM not set).
2025-07-15 05:24:29.255 [info] > git rev-parse --show-toplevel [5ms]
2025-07-15 05:24:29.255 [info] fatal: not a git repository (or any parent up to mount point /)
Stopping at filesystem boundary (GIT_DISCOVERY_ACROSS_FILESYSTEM not set).
2025-07-15 05:24:31.303 [info] > git rev-parse --show-toplevel [3ms]
2025-07-15 05:24:31.303 [info] fatal: not a git repository (or any parent up to mount point /)
Stopping at filesystem boundary (GIT_DISCOVERY_ACROSS_FILESYSTEM not set).
2025-07-15 05:24:33.494 [info] > git rev-parse --show-toplevel [11ms]
2025-07-15 05:24:33.494 [info] fatal: not a git repository (or any parent up to mount point /)
Stopping at filesystem boundary (GIT_DISCOVERY_ACROSS_FILESYSTEM not set).
2025-07-15 05:24:38.759 [info] > git rev-parse --show-toplevel [3ms]
2025-07-15 05:24:38.759 [info] fatal: not a git repository (or any parent up to mount point /)
Stopping at filesystem boundary (GIT_DISCOVERY_ACROSS_FILESYSTEM not set).
2025-07-15 05:24:53.887 [info] > git rev-parse --show-toplevel [3ms]
2025-07-15 05:24:53.887 [info] fatal: not a git repository (or any parent up to mount point /)
Stopping at filesystem boundary (GIT_DISCOVERY_ACROSS_FILESYSTEM not set).
2025-07-15 05:38:21.017 [info] > git rev-parse --show-toplevel [2ms]
2025-07-15 05:38:21.018 [info] fatal: not a git repository (or any parent up to mount point /)
Stopping at filesystem boundary (GIT_DISCOVERY_ACROSS_FILESYSTEM not set).
2025-07-15 05:38:28.445 [info] > git rev-parse --show-toplevel [3ms]
2025-07-15 05:38:28.445 [info] fatal: not a git repository (or any parent up to mount point /)
Stopping at filesystem boundary (GIT_DISCOVERY_ACROSS_FILESYSTEM not set).
2025-07-15 05:38:34.997 [info] > git rev-parse --show-toplevel [4ms]
2025-07-15 05:38:34.997 [info] fatal: not a git repository (or any parent up to mount point /)
Stopping at filesystem boundary (GIT_DISCOVERY_ACROSS_FILESYSTEM not set).
2025-07-15 05:43:01.078 [info] > git rev-parse --show-toplevel [2ms]
2025-07-15 05:43:01.078 [info] fatal: not a git repository (or any parent up to mount point /)
Stopping at filesystem boundary (GIT_DISCOVERY_ACROSS_FILESYSTEM not set).
2025-07-15 05:43:10.334 [info] > git rev-parse --show-toplevel [2ms]
2025-07-15 05:43:10.334 [info] fatal: not a git repository (or any parent up to mount point /)
Stopping at filesystem boundary (GIT_DISCOVERY_ACROSS_FILESYSTEM not set).
2025-07-15 05:43:46.857 [info] > git rev-parse --show-toplevel [3ms]
2025-07-15 05:43:46.857 [info] fatal: not a git repository (or any parent up to mount point /)
Stopping at filesystem boundary (GIT_DISCOVERY_ACROSS_FILESYSTEM not set).
2025-07-15 05:43:47.391 [info] > git rev-parse --show-toplevel [2ms]
2025-07-15 05:43:47.391 [info] fatal: not a git repository (or any parent up to mount point /)
Stopping at filesystem boundary (GIT_DISCOVERY_ACROSS_FILESYSTEM not set).
2025-07-15 05:44:22.365 [info] > git rev-parse --show-toplevel [7ms]
2025-07-15 05:44:22.365 [info] fatal: not a git repository (or any parent up to mount point /)
Stopping at filesystem boundary (GIT_DISCOVERY_ACROSS_FILESYSTEM not set).
2025-07-15 05:44:25.355 [info] > git rev-parse --show-toplevel [3ms]
2025-07-15 05:44:25.355 [info] fatal: not a git repository (or any parent up to mount point /)
Stopping at filesystem boundary (GIT_DISCOVERY_ACROSS_FILESYSTEM not set).
2025-07-15 05:44:27.235 [info] > git rev-parse --show-toplevel [2ms]
2025-07-15 05:44:27.235 [info] fatal: not a git repository (or any parent up to mount point /)
Stopping at filesystem boundary (GIT_DISCOVERY_ACROSS_FILESYSTEM not set).
2025-07-15 05:44:31.884 [info] > git rev-parse --show-toplevel [3ms]
2025-07-15 05:44:31.884 [info] fatal: not a git repository (or any parent up to mount point /)
Stopping at filesystem boundary (GIT_DISCOVERY_ACROSS_FILESYSTEM not set).
2025-07-15 05:44:35.775 [info] > git rev-parse --show-toplevel [2ms]
2025-07-15 05:44:35.775 [info] fatal: not a git repository (or any parent up to mount point /)
Stopping at filesystem boundary (GIT_DISCOVERY_ACROSS_FILESYSTEM not set).
2025-07-15 05:44:41.562 [info] > git rev-parse --show-toplevel [3ms]
2025-07-15 05:44:41.562 [info] fatal: not a git repository (or any parent up to mount point /)
Stopping at filesystem boundary (GIT_DISCOVERY_ACROSS_FILESYSTEM not set).
2025-07-15 05:44:45.529 [info] > git rev-parse --show-toplevel [4ms]
2025-07-15 05:44:45.529 [info] fatal: not a git repository (or any parent up to mount point /)
Stopping at filesystem boundary (GIT_DISCOVERY_ACROSS_FILESYSTEM not set).
2025-07-15 05:44:47.166 [info] > git rev-parse --show-toplevel [5ms]
2025-07-15 05:44:47.166 [info] fatal: not a git repository (or any parent up to mount point /)
Stopping at filesystem boundary (GIT_DISCOVERY_ACROSS_FILESYSTEM not set).
2025-07-15 05:44:47.486 [info] > git rev-parse --show-toplevel [6ms]
2025-07-15 05:44:47.486 [info] fatal: not a git repository (or any parent up to mount point /)
Stopping at filesystem boundary (GIT_DISCOVERY_ACROSS_FILESYSTEM not set).
2025-07-15 05:44:52.252 [info] > git rev-parse --show-toplevel [6ms]
2025-07-15 05:44:52.252 [info] fatal: not a git repository (or any parent up to mount point /)
Stopping at filesystem boundary (GIT_DISCOVERY_ACROSS_FILESYSTEM not set).
2025-07-15 05:44:54.804 [info] > git rev-parse --show-toplevel [3ms]
2025-07-15 05:44:54.804 [info] fatal: not a git repository (or any parent up to mount point /)
Stopping at filesystem boundary (GIT_DISCOVERY_ACROSS_FILESYSTEM not set).
2025-07-15 05:45:56.171 [info] > git rev-parse --show-toplevel [3ms]
2025-07-15 05:45:56.171 [info] fatal: not a git repository (or any parent up to mount point /)
Stopping at filesystem boundary (GIT_DISCOVERY_ACROSS_FILESYSTEM not set).
2025-07-15 05:48:53.335 [info] > git rev-parse --show-toplevel [2ms]
2025-07-15 05:48:53.335 [info] fatal: not a git repository (or any parent up to mount point /)
Stopping at filesystem boundary (GIT_DISCOVERY_ACROSS_FILESYSTEM not set).
2025-07-15 05:49:04.602 [info] > git rev-parse --show-toplevel [3ms]
2025-07-15 05:49:04.602 [info] fatal: not a git repository (or any parent up to mount point /)
Stopping at filesystem boundary (GIT_DISCOVERY_ACROSS_FILESYSTEM not set).
2025-07-15 05:49:13.108 [info] > git rev-parse --show-toplevel [3ms]
2025-07-15 05:49:13.108 [info] fatal: not a git repository (or any parent up to mount point /)
Stopping at filesystem boundary (GIT_DISCOVERY_ACROSS_FILESYSTEM not set).
2025-07-15 05:49:37.284 [info] > git rev-parse --show-toplevel [1ms]
2025-07-15 05:49:37.284 [info] fatal: not a git repository (or any parent up to mount point /)
Stopping at filesystem boundary (GIT_DISCOVERY_ACROSS_FILESYSTEM not set).
2025-07-15 05:49:41.192 [info] > git rev-parse --show-toplevel [2ms]
2025-07-15 05:49:41.193 [info] fatal: not a git repository (or any parent up to mount point /)
Stopping at filesystem boundary (GIT_DISCOVERY_ACROSS_FILESYSTEM not set).
2025-07-15 05:49:43.231 [info] > git rev-parse --show-toplevel [3ms]
2025-07-15 05:49:43.231 [info] fatal: not a git repository (or any parent up to mount point /)
Stopping at filesystem boundary (GIT_DISCOVERY_ACROSS_FILESYSTEM not set).
2025-07-15 05:49:46.570 [info] > git rev-parse --show-toplevel [4ms]
2025-07-15 05:49:46.570 [info] fatal: not a git repository (or any parent up to mount point /)
Stopping at filesystem boundary (GIT_DISCOVERY_ACROSS_FILESYSTEM not set).
2025-07-15 05:49:49.371 [info] > git rev-parse --show-toplevel [2ms]
2025-07-15 05:49:49.371 [info] fatal: not a git repository (or any parent up to mount point /)
Stopping at filesystem boundary (GIT_DISCOVERY_ACROSS_FILESYSTEM not set).
2025-07-15 05:50:03.067 [info] > git rev-parse --show-toplevel [2ms]
2025-07-15 05:50:03.067 [info] fatal: not a git repository (or any parent up to mount point /)
Stopping at filesystem boundary (GIT_DISCOVERY_ACROSS_FILESYSTEM not set).
2025-07-15 05:50:10.129 [info] > git rev-parse --show-toplevel [1ms]
2025-07-15 05:50:10.130 [info] fatal: not a git repository (or any parent up to mount point /)
Stopping at filesystem boundary (GIT_DISCOVERY_ACROSS_FILESYSTEM not set).
2025-07-15 05:51:23.965 [info] > git rev-parse --show-toplevel [2ms]
2025-07-15 05:51:23.965 [info] fatal: not a git repository (or any parent up to mount point /)
Stopping at filesystem boundary (GIT_DISCOVERY_ACROSS_FILESYSTEM not set).
2025-07-15 05:51:25.973 [info] > git rev-parse --show-toplevel [3ms]
2025-07-15 05:51:25.973 [info] fatal: not a git repository (or any parent up to mount point /)
Stopping at filesystem boundary (GIT_DISCOVERY_ACROSS_FILESYSTEM not set).
2025-07-15 05:51:26.586 [info] > git rev-parse --show-toplevel [1ms]
2025-07-15 05:51:26.586 [info] fatal: not a git repository (or any parent up to mount point /)
Stopping at filesystem boundary (GIT_DISCOVERY_ACROSS_FILESYSTEM not set).
2025-07-15 05:54:05.564 [info] > git rev-parse --show-toplevel [3ms]
2025-07-15 05:54:05.564 [info] fatal: not a git repository (or any parent up to mount point /)
Stopping at filesystem boundary (GIT_DISCOVERY_ACROSS_FILESYSTEM not set).
2025-07-15 05:56:43.200 [info] > git rev-parse --show-toplevel [2ms]
2025-07-15 05:56:43.201 [info] fatal: not a git repository (or any parent up to mount point /)
Stopping at filesystem boundary (GIT_DISCOVERY_ACROSS_FILESYSTEM not set).
2025-07-15 05:56:45.174 [info] > git rev-parse --show-toplevel [3ms]
2025-07-15 05:56:45.174 [info] fatal: not a git repository (or any parent up to mount point /)
Stopping at filesystem boundary (GIT_DISCOVERY_ACROSS_FILESYSTEM not set).
2025-07-15 05:56:45.801 [info] > git rev-parse --show-toplevel [2ms]
2025-07-15 05:56:45.802 [info] fatal: not a git repository (or any parent up to mount point /)
Stopping at filesystem boundary (GIT_DISCOVERY_ACROSS_FILESYSTEM not set).
2025-07-15 05:57:18.567 [info] > git rev-parse --show-toplevel [1ms]
2025-07-15 05:57:18.567 [info] fatal: not a git repository (or any parent up to mount point /)
Stopping at filesystem boundary (GIT_DISCOVERY_ACROSS_FILESYSTEM not set).
2025-07-15 05:57:20.442 [info] > git rev-parse --show-toplevel [3ms]
2025-07-15 05:57:20.442 [info] fatal: not a git repository (or any parent up to mount point /)
Stopping at filesystem boundary (GIT_DISCOVERY_ACROSS_FILESYSTEM not set).
2025-07-15 05:57:52.799 [info] > git rev-parse --show-toplevel [7ms]
2025-07-15 05:57:52.799 [info] fatal: not a git repository (or any parent up to mount point /)
Stopping at filesystem boundary (GIT_DISCOVERY_ACROSS_FILESYSTEM not set).
2025-07-15 06:06:10.662 [info] > git rev-parse --show-toplevel [3ms]
2025-07-15 06:06:10.662 [info] fatal: not a git repository (or any parent up to mount point /)
Stopping at filesystem boundary (GIT_DISCOVERY_ACROSS_FILESYSTEM not set).
2025-07-15 06:06:12.361 [info] > git rev-parse --show-toplevel [3ms]
2025-07-15 06:06:12.361 [info] fatal: not a git repository (or any parent up to mount point /)
Stopping at filesystem boundary (GIT_DISCOVERY_ACROSS_FILESYSTEM not set).
2025-07-15 06:06:20.862 [info] > git rev-parse --show-toplevel [3ms]
2025-07-15 06:06:20.862 [info] fatal: not a git repository (or any parent up to mount point /)
Stopping at filesystem boundary (GIT_DISCOVERY_ACROSS_FILESYSTEM not set).
2025-07-15 06:19:24.151 [info] > git rev-parse --show-toplevel [2ms]
2025-07-15 06:19:24.151 [info] fatal: not a git repository (or any parent up to mount point /)
Stopping at filesystem boundary (GIT_DISCOVERY_ACROSS_FILESYSTEM not set).
2025-07-15 06:23:16.702 [info] > git rev-parse --show-toplevel [3ms]
2025-07-15 06:23:16.702 [info] fatal: not a git repository (or any parent up to mount point /)
Stopping at filesystem boundary (GIT_DISCOVERY_ACROSS_FILESYSTEM not set).
2025-07-15 06:23:40.216 [info] > git rev-parse --show-toplevel [2ms]
2025-07-15 06:23:40.216 [info] fatal: not a git repository (or any parent up to mount point /)
Stopping at filesystem boundary (GIT_DISCOVERY_ACROSS_FILESYSTEM not set).
2025-07-15 06:23:42.008 [info] > git rev-parse --show-toplevel [5ms]
2025-07-15 06:23:42.008 [info] fatal: not a git repository (or any parent up to mount point /)
Stopping at filesystem boundary (GIT_DISCOVERY_ACROSS_FILESYSTEM not set).
2025-07-15 06:23:45.163 [info] > git rev-parse --show-toplevel [2ms]
2025-07-15 06:23:45.163 [info] fatal: not a git repository (or any parent up to mount point /)
Stopping at filesystem boundary (GIT_DISCOVERY_ACROSS_FILESYSTEM not set).
2025-07-15 06:23:45.703 [info] > git rev-parse --show-toplevel [3ms]
2025-07-15 06:23:45.703 [info] fatal: not a git repository (or any parent up to mount point /)
Stopping at filesystem boundary (GIT_DISCOVERY_ACROSS_FILESYSTEM not set).
2025-07-15 06:23:47.822 [info] > git rev-parse --show-toplevel [3ms]
2025-07-15 06:23:47.822 [info] fatal: not a git repository (or any parent up to mount point /)
Stopping at filesystem boundary (GIT_DISCOVERY_ACROSS_FILESYSTEM not set).
2025-07-15 06:23:49.270 [info] > git rev-parse --show-toplevel [3ms]
2025-07-15 06:23:49.270 [info] fatal: not a git repository (or any parent up to mount point /)
Stopping at filesystem boundary (GIT_DISCOVERY_ACROSS_FILESYSTEM not set).
2025-07-15 06:24:04.022 [info] > git rev-parse --show-toplevel [3ms]
2025-07-15 06:24:04.022 [info] fatal: not a git repository (or any parent up to mount point /)
Stopping at filesystem boundary (GIT_DISCOVERY_ACROSS_FILESYSTEM not set).
2025-07-15 06:24:14.514 [info] > git rev-parse --show-toplevel [2ms]
2025-07-15 06:24:14.514 [info] fatal: not a git repository (or any parent up to mount point /)
Stopping at filesystem boundary (GIT_DISCOVERY_ACROSS_FILESYSTEM not set).
2025-07-15 06:27:34.001 [info] > git rev-parse --show-toplevel [2ms]
2025-07-15 06:27:34.001 [info] fatal: not a git repository (or any parent up to mount point /)
Stopping at filesystem boundary (GIT_DISCOVERY_ACROSS_FILESYSTEM not set).
2025-07-15 06:27:34.015 [info] > git rev-parse --show-toplevel [1ms]
2025-07-15 06:27:34.016 [info] fatal: not a git repository (or any parent up to mount point /)
Stopping at filesystem boundary (GIT_DISCOVERY_ACROSS_FILESYSTEM not set).
2025-07-15 06:27:34.029 [info] > git rev-parse --show-toplevel [1ms]
2025-07-15 06:27:34.029 [info] fatal: not a git repository (or any parent up to mount point /)
Stopping at filesystem boundary (GIT_DISCOVERY_ACROSS_FILESYSTEM not set).
2025-07-15 06:27:34.043 [info] > git rev-parse --show-toplevel [1ms]
2025-07-15 06:27:34.043 [info] fatal: not a git repository (or any parent up to mount point /)
Stopping at filesystem boundary (GIT_DISCOVERY_ACROSS_FILESYSTEM not set).
2025-07-15 06:27:34.056 [info] > git rev-parse --show-toplevel [2ms]
2025-07-15 06:27:34.056 [info] fatal: not a git repository (or any parent up to mount point /)
Stopping at filesystem boundary (GIT_DISCOVERY_ACROSS_FILESYSTEM not set).
2025-07-15 06:27:34.069 [info] > git rev-parse --show-toplevel [1ms]
2025-07-15 06:27:34.069 [info] fatal: not a git repository (or any parent up to mount point /)
Stopping at filesystem boundary (GIT_DISCOVERY_ACROSS_FILESYSTEM not set).
2025-07-15 06:27:34.082 [info] > git rev-parse --show-toplevel [2ms]
2025-07-15 06:27:34.082 [info] fatal: not a git repository (or any parent up to mount point /)
Stopping at filesystem boundary (GIT_DISCOVERY_ACROSS_FILESYSTEM not set).
2025-07-15 06:27:34.094 [info] > git rev-parse --show-toplevel [1ms]
2025-07-15 06:27:34.094 [info] fatal: not a git repository (or any parent up to mount point /)
Stopping at filesystem boundary (GIT_DISCOVERY_ACROSS_FILESYSTEM not set).
2025-07-15 06:29:41.203 [info] > git rev-parse --show-toplevel [3ms]
2025-07-15 06:29:41.203 [info] fatal: not a git repository (or any parent up to mount point /)
Stopping at filesystem boundary (GIT_DISCOVERY_ACROSS_FILESYSTEM not set).
2025-07-15 06:29:43.597 [info] > git rev-parse --show-toplevel [4ms]
2025-07-15 06:29:43.597 [info] fatal: not a git repository (or any parent up to mount point /)
Stopping at filesystem boundary (GIT_DISCOVERY_ACROSS_FILESYSTEM not set).
2025-07-15 06:38:22.393 [info] > git rev-parse --show-toplevel [3ms]
2025-07-15 06:38:22.393 [info] fatal: not a git repository (or any parent up to mount point /)
Stopping at filesystem boundary (GIT_DISCOVERY_ACROSS_FILESYSTEM not set).
2025-07-15 06:39:42.595 [info] > git rev-parse --show-toplevel [3ms]
2025-07-15 06:39:42.595 [info] fatal: not a git repository (or any parent up to mount point /)
Stopping at filesystem boundary (GIT_DISCOVERY_ACROSS_FILESYSTEM not set).
2025-07-15 06:42:08.050 [info] > git rev-parse --show-toplevel [12ms]
2025-07-15 06:42:08.050 [info] fatal: not a git repository (or any parent up to mount point /)
Stopping at filesystem boundary (GIT_DISCOVERY_ACROSS_FILESYSTEM not set).
2025-07-15 06:43:07.723 [info] > git rev-parse --show-toplevel [3ms]
2025-07-15 06:43:07.723 [info] fatal: not a git repository (or any parent up to mount point /)
Stopping at filesystem boundary (GIT_DISCOVERY_ACROSS_FILESYSTEM not set).
2025-07-15 06:43:11.199 [info] > git rev-parse --show-toplevel [3ms]
2025-07-15 06:43:11.199 [info] fatal: not a git repository (or any parent up to mount point /)
Stopping at filesystem boundary (GIT_DISCOVERY_ACROSS_FILESYSTEM not set).
2025-07-15 07:39:37.157 [info] > git rev-parse --show-toplevel [11ms]
2025-07-15 07:39:37.157 [info] fatal: not a git repository (or any parent up to mount point /)
Stopping at filesystem boundary (GIT_DISCOVERY_ACROSS_FILESYSTEM not set).
2025-07-15 07:39:37.171 [info] > git rev-parse --show-toplevel [3ms]
2025-07-15 07:39:37.171 [info] fatal: not a git repository (or any parent up to mount point /)
Stopping at filesystem boundary (GIT_DISCOVERY_ACROSS_FILESYSTEM not set).
2025-07-15 07:41:44.631 [info] > git rev-parse --show-toplevel [3ms]
2025-07-15 07:41:44.631 [info] fatal: not a git repository (or any parent up to mount point /)
Stopping at filesystem boundary (GIT_DISCOVERY_ACROSS_FILESYSTEM not set).
2025-07-15 07:41:49.538 [info] > git rev-parse --show-toplevel [4ms]
2025-07-15 07:41:49.538 [info] fatal: not a git repository (or any parent up to mount point /)
Stopping at filesystem boundary (GIT_DISCOVERY_ACROSS_FILESYSTEM not set).
2025-07-15 07:41:50.063 [info] > git rev-parse --show-toplevel [4ms]
2025-07-15 07:41:50.063 [info] fatal: not a git repository (or any parent up to mount point /)
Stopping at filesystem boundary (GIT_DISCOVERY_ACROSS_FILESYSTEM not set).
2025-07-15 07:42:49.947 [info] > git rev-parse --show-toplevel [2ms]
2025-07-15 07:42:49.947 [info] fatal: not a git repository (or any parent up to mount point /)
Stopping at filesystem boundary (GIT_DISCOVERY_ACROSS_FILESYSTEM not set).
2025-07-15 07:42:50.802 [info] > git rev-parse --show-toplevel [2ms]
2025-07-15 07:42:50.802 [info] fatal: not a git repository (or any parent up to mount point /)
Stopping at filesystem boundary (GIT_DISCOVERY_ACROSS_FILESYSTEM not set).
2025-07-15 07:42:51.781 [info] > git rev-parse --show-toplevel [2ms]
2025-07-15 07:42:51.781 [info] fatal: not a git repository (or any parent up to mount point /)
Stopping at filesystem boundary (GIT_DISCOVERY_ACROSS_FILESYSTEM not set).
2025-07-15 07:42:53.668 [info] > git rev-parse --show-toplevel [2ms]
2025-07-15 07:42:53.668 [info] fatal: not a git repository (or any parent up to mount point /)
Stopping at filesystem boundary (GIT_DISCOVERY_ACROSS_FILESYSTEM not set).
2025-07-15 07:42:57.219 [info] > git rev-parse --show-toplevel [3ms]
2025-07-15 07:42:57.219 [info] fatal: not a git repository (or any parent up to mount point /)
Stopping at filesystem boundary (GIT_DISCOVERY_ACROSS_FILESYSTEM not set).
2025-07-15 07:43:26.820 [info] > git rev-parse --show-toplevel [3ms]
2025-07-15 07:43:26.820 [info] fatal: not a git repository (or any parent up to mount point /)
Stopping at filesystem boundary (GIT_DISCOVERY_ACROSS_FILESYSTEM not set).
2025-07-15 07:44:44.076 [info] > git rev-parse --show-toplevel [2ms]
2025-07-15 07:44:44.076 [info] fatal: not a git repository (or any parent up to mount point /)
Stopping at filesystem boundary (GIT_DISCOVERY_ACROSS_FILESYSTEM not set).
2025-07-15 07:45:14.861 [info] > git rev-parse --show-toplevel [3ms]
2025-07-15 07:45:14.861 [info] fatal: not a git repository (or any parent up to mount point /)
Stopping at filesystem boundary (GIT_DISCOVERY_ACROSS_FILESYSTEM not set).
2025-07-15 07:45:20.786 [info] > git rev-parse --show-toplevel [4ms]
2025-07-15 07:45:20.786 [info] fatal: not a git repository (or any parent up to mount point /)
Stopping at filesystem boundary (GIT_DISCOVERY_ACROSS_FILESYSTEM not set).
2025-07-15 07:46:10.244 [info] > git rev-parse --show-toplevel [3ms]
2025-07-15 07:46:10.244 [info] fatal: not a git repository (or any parent up to mount point /)
Stopping at filesystem boundary (GIT_DISCOVERY_ACROSS_FILESYSTEM not set).
2025-07-15 07:46:12.851 [info] > git rev-parse --show-toplevel [3ms]
2025-07-15 07:46:12.851 [info] fatal: not a git repository (or any parent up to mount point /)
Stopping at filesystem boundary (GIT_DISCOVERY_ACROSS_FILESYSTEM not set).
2025-07-15 07:46:13.681 [info] > git rev-parse --show-toplevel [2ms]
2025-07-15 07:46:13.681 [info] fatal: not a git repository (or any parent up to mount point /)
Stopping at filesystem boundary (GIT_DISCOVERY_ACROSS_FILESYSTEM not set).
2025-07-15 07:46:14.153 [info] > git rev-parse --show-toplevel [4ms]
2025-07-15 07:46:14.153 [info] fatal: not a git repository (or any parent up to mount point /)
Stopping at filesystem boundary (GIT_DISCOVERY_ACROSS_FILESYSTEM not set).
2025-07-15 07:46:18.933 [info] > git rev-parse --show-toplevel [3ms]
2025-07-15 07:46:18.933 [info] fatal: not a git repository (or any parent up to mount point /)
Stopping at filesystem boundary (GIT_DISCOVERY_ACROSS_FILESYSTEM not set).
2025-07-15 07:46:22.618 [info] > git rev-parse --show-toplevel [3ms]
2025-07-15 07:46:22.618 [info] fatal: not a git repository (or any parent up to mount point /)
Stopping at filesystem boundary (GIT_DISCOVERY_ACROSS_FILESYSTEM not set).
2025-07-15 07:46:30.349 [info] > git rev-parse --show-toplevel [3ms]
2025-07-15 07:46:30.349 [info] fatal: not a git repository (or any parent up to mount point /)
Stopping at filesystem boundary (GIT_DISCOVERY_ACROSS_FILESYSTEM not set).
2025-07-15 07:46:52.943 [info] > git rev-parse --show-toplevel [2ms]
2025-07-15 07:46:52.943 [info] fatal: not a git repository (or any parent up to mount point /)
Stopping at filesystem boundary (GIT_DISCOVERY_ACROSS_FILESYSTEM not set).
2025-07-15 07:47:03.758 [info] > git rev-parse --show-toplevel [2ms]
2025-07-15 07:47:03.758 [info] fatal: not a git repository (or any parent up to mount point /)
Stopping at filesystem boundary (GIT_DISCOVERY_ACROSS_FILESYSTEM not set).
2025-07-15 07:48:30.313 [info] > git rev-parse --show-toplevel [2ms]
2025-07-15 07:48:30.313 [info] fatal: not a git repository (or any parent up to mount point /)
Stopping at filesystem boundary (GIT_DISCOVERY_ACROSS_FILESYSTEM not set).
2025-07-15 07:48:34.764 [info] > git rev-parse --show-toplevel [5ms]
2025-07-15 07:48:34.764 [info] fatal: not a git repository (or any parent up to mount point /)
Stopping at filesystem boundary (GIT_DISCOVERY_ACROSS_FILESYSTEM not set).
2025-07-15 07:49:19.155 [info] > git rev-parse --show-toplevel [3ms]
2025-07-15 07:49:19.155 [info] fatal: not a git repository (or any parent up to mount point /)
Stopping at filesystem boundary (GIT_DISCOVERY_ACROSS_FILESYSTEM not set).
2025-07-15 08:00:45.167 [info] > git rev-parse --show-toplevel [3ms]
2025-07-15 08:00:45.168 [info] fatal: not a git repository (or any parent up to mount point /)
Stopping at filesystem boundary (GIT_DISCOVERY_ACROSS_FILESYSTEM not set).
2025-07-15 08:01:10.057 [info] > git rev-parse --show-toplevel [4ms]
2025-07-15 08:01:10.058 [info] fatal: not a git repository (or any parent up to mount point /)
Stopping at filesystem boundary (GIT_DISCOVERY_ACROSS_FILESYSTEM not set).
2025-07-15 08:02:43.005 [info] > git rev-parse --show-toplevel [3ms]
2025-07-15 08:02:43.005 [info] fatal: not a git repository (or any parent up to mount point /)
Stopping at filesystem boundary (GIT_DISCOVERY_ACROSS_FILESYSTEM not set).
2025-07-15 08:03:33.612 [info] > git rev-parse --show-toplevel [6ms]
2025-07-15 08:03:33.612 [info] fatal: not a git repository (or any parent up to mount point /)
Stopping at filesystem boundary (GIT_DISCOVERY_ACROSS_FILESYSTEM not set).
2025-07-15 08:26:07.717 [info] > git rev-parse --show-toplevel [2ms]
2025-07-15 08:26:07.717 [info] fatal: not a git repository (or any parent up to mount point /)
Stopping at filesystem boundary (GIT_DISCOVERY_ACROSS_FILESYSTEM not set).
2025-07-15 08:29:57.879 [info] > git rev-parse --show-toplevel [6ms]
2025-07-15 08:29:57.879 [info] fatal: not a git repository (or any parent up to mount point /)
Stopping at filesystem boundary (GIT_DISCOVERY_ACROSS_FILESYSTEM not set).
2025-07-15 08:30:01.368 [info] > git rev-parse --show-toplevel [3ms]
2025-07-15 08:30:01.368 [info] fatal: not a git repository (or any parent up to mount point /)
Stopping at filesystem boundary (GIT_DISCOVERY_ACROSS_FILESYSTEM not set).
2025-07-15 08:30:06.703 [info] > git rev-parse --show-toplevel [2ms]
2025-07-15 08:30:06.703 [info] fatal: not a git repository (or any parent up to mount point /)
Stopping at filesystem boundary (GIT_DISCOVERY_ACROSS_FILESYSTEM not set).
2025-07-15 08:31:50.159 [info] > git rev-parse --show-toplevel [2ms]
2025-07-15 08:31:50.159 [info] fatal: not a git repository (or any parent up to mount point /)
Stopping at filesystem boundary (GIT_DISCOVERY_ACROSS_FILESYSTEM not set).
2025-07-15 08:31:53.325 [info] > git rev-parse --show-toplevel [3ms]
2025-07-15 08:31:53.325 [info] fatal: not a git repository (or any parent up to mount point /)
Stopping at filesystem boundary (GIT_DISCOVERY_ACROSS_FILESYSTEM not set).
2025-07-15 08:32:00.782 [info] > git rev-parse --show-toplevel [3ms]
2025-07-15 08:32:00.782 [info] fatal: not a git repository (or any parent up to mount point /)
Stopping at filesystem boundary (GIT_DISCOVERY_ACROSS_FILESYSTEM not set).
2025-07-15 08:32:03.985 [info] > git rev-parse --show-toplevel [4ms]
2025-07-15 08:32:03.985 [info] fatal: not a git repository (or any parent up to mount point /)
Stopping at filesystem boundary (GIT_DISCOVERY_ACROSS_FILESYSTEM not set).
2025-07-15 08:32:11.655 [info] > git rev-parse --show-toplevel [1ms]
2025-07-15 08:32:11.655 [info] fatal: not a git repository (or any parent up to mount point /)
Stopping at filesystem boundary (GIT_DISCOVERY_ACROSS_FILESYSTEM not set).
2025-07-15 08:32:19.138 [info] > git rev-parse --show-toplevel [3ms]
2025-07-15 08:32:19.138 [info] fatal: not a git repository (or any parent up to mount point /)
Stopping at filesystem boundary (GIT_DISCOVERY_ACROSS_FILESYSTEM not set).
2025-07-15 08:32:19.786 [info] > git rev-parse --show-toplevel [4ms]
2025-07-15 08:32:19.786 [info] fatal: not a git repository (or any parent up to mount point /)
Stopping at filesystem boundary (GIT_DISCOVERY_ACROSS_FILESYSTEM not set).
2025-07-15 08:32:29.845 [info] > git rev-parse --show-toplevel [3ms]
2025-07-15 08:32:29.845 [info] fatal: not a git repository (or any parent up to mount point /)
Stopping at filesystem boundary (GIT_DISCOVERY_ACROSS_FILESYSTEM not set).
2025-07-15 08:32:36.089 [info] > git rev-parse --show-toplevel [2ms]
2025-07-15 08:32:36.089 [info] fatal: not a git repository (or any parent up to mount point /)
Stopping at filesystem boundary (GIT_DISCOVERY_ACROSS_FILESYSTEM not set).
2025-07-15 08:33:04.676 [info] > git rev-parse --show-toplevel [4ms]
2025-07-15 08:33:04.676 [info] fatal: not a git repository (or any parent up to mount point /)
Stopping at filesystem boundary (GIT_DISCOVERY_ACROSS_FILESYSTEM not set).
2025-07-15 08:40:12.553 [info] > git rev-parse --show-toplevel [2ms]
2025-07-15 08:40:12.553 [info] fatal: not a git repository (or any parent up to mount point /)
Stopping at filesystem boundary (GIT_DISCOVERY_ACROSS_FILESYSTEM not set).
2025-07-15 08:40:14.570 [info] > git rev-parse --show-toplevel [3ms]
2025-07-15 08:40:14.570 [info] fatal: not a git repository (or any parent up to mount point /)
Stopping at filesystem boundary (GIT_DISCOVERY_ACROSS_FILESYSTEM not set).
2025-07-15 08:40:29.030 [info] > git rev-parse --show-toplevel [4ms]
2025-07-15 08:40:29.030 [info] fatal: not a git repository (or any parent up to mount point /)
Stopping at filesystem boundary (GIT_DISCOVERY_ACROSS_FILESYSTEM not set).
2025-07-15 08:40:39.990 [info] > git rev-parse --show-toplevel [4ms]
2025-07-15 08:40:39.990 [info] fatal: not a git repository (or any parent up to mount point /)
Stopping at filesystem boundary (GIT_DISCOVERY_ACROSS_FILESYSTEM not set).
2025-07-15 08:40:46.178 [info] > git rev-parse --show-toplevel [4ms]
2025-07-15 08:40:46.178 [info] fatal: not a git repository (or any parent up to mount point /)
Stopping at filesystem boundary (GIT_DISCOVERY_ACROSS_FILESYSTEM not set).
2025-07-15 08:40:47.156 [info] > git rev-parse --show-toplevel [3ms]
2025-07-15 08:40:47.156 [info] fatal: not a git repository (or any parent up to mount point /)
Stopping at filesystem boundary (GIT_DISCOVERY_ACROSS_FILESYSTEM not set).
2025-07-15 08:40:54.113 [info] > git rev-parse --show-toplevel [3ms]
2025-07-15 08:40:54.113 [info] fatal: not a git repository (or any parent up to mount point /)
Stopping at filesystem boundary (GIT_DISCOVERY_ACROSS_FILESYSTEM not set).
2025-07-15 08:41:33.592 [info] > git rev-parse --show-toplevel [2ms]
2025-07-15 08:41:33.592 [info] fatal: not a git repository (or any parent up to mount point /)
Stopping at filesystem boundary (GIT_DISCOVERY_ACROSS_FILESYSTEM not set).
2025-07-15 08:42:18.097 [info] > git rev-parse --show-toplevel [2ms]
2025-07-15 08:42:18.097 [info] fatal: not a git repository (or any parent up to mount point /)
Stopping at filesystem boundary (GIT_DISCOVERY_ACROSS_FILESYSTEM not set).
2025-07-15 08:42:18.110 [info] > git rev-parse --show-toplevel [2ms]
2025-07-15 08:42:18.110 [info] fatal: not a git repository (or any parent up to mount point /)
Stopping at filesystem boundary (GIT_DISCOVERY_ACROSS_FILESYSTEM not set).
2025-07-15 08:42:18.122 [info] > git rev-parse --show-toplevel [1ms]
2025-07-15 08:42:18.122 [info] fatal: not a git repository (or any parent up to mount point /)
Stopping at filesystem boundary (GIT_DISCOVERY_ACROSS_FILESYSTEM not set).
2025-07-15 08:42:18.135 [info] > git rev-parse --show-toplevel [2ms]
2025-07-15 08:42:18.135 [info] fatal: not a git repository (or any parent up to mount point /)
Stopping at filesystem boundary (GIT_DISCOVERY_ACROSS_FILESYSTEM not set).
2025-07-15 08:42:18.147 [info] > git rev-parse --show-toplevel [2ms]
2025-07-15 08:42:18.147 [info] fatal: not a git repository (or any parent up to mount point /)
Stopping at filesystem boundary (GIT_DISCOVERY_ACROSS_FILESYSTEM not set).
2025-07-15 08:42:18.159 [info] > git rev-parse --show-toplevel [2ms]
2025-07-15 08:42:18.159 [info] fatal: not a git repository (or any parent up to mount point /)
Stopping at filesystem boundary (GIT_DISCOVERY_ACROSS_FILESYSTEM not set).
2025-07-15 08:42:18.172 [info] > git rev-parse --show-toplevel [1ms]
2025-07-15 08:42:18.172 [info] fatal: not a git repository (or any parent up to mount point /)
Stopping at filesystem boundary (GIT_DISCOVERY_ACROSS_FILESYSTEM not set).
2025-07-15 08:42:18.183 [info] > git rev-parse --show-toplevel [1ms]
2025-07-15 08:42:18.183 [info] fatal: not a git repository (or any parent up to mount point /)
Stopping at filesystem boundary (GIT_DISCOVERY_ACROSS_FILESYSTEM not set).
2025-07-15 08:42:22.536 [info] > git rev-parse --show-toplevel [2ms]
2025-07-15 08:42:22.536 [info] fatal: not a git repository (or any parent up to mount point /)
Stopping at filesystem boundary (GIT_DISCOVERY_ACROSS_FILESYSTEM not set).
2025-07-15 08:43:23.647 [info] > git rev-parse --show-toplevel [2ms]
2025-07-15 08:43:23.648 [info] fatal: not a git repository (or any parent up to mount point /)
Stopping at filesystem boundary (GIT_DISCOVERY_ACROSS_FILESYSTEM not set).
2025-07-15 08:43:26.413 [info] > git rev-parse --show-toplevel [2ms]
2025-07-15 08:43:26.413 [info] fatal: not a git repository (or any parent up to mount point /)
Stopping at filesystem boundary (GIT_DISCOVERY_ACROSS_FILESYSTEM not set).
2025-07-15 08:48:42.774 [info] > git rev-parse --show-toplevel [6ms]
2025-07-15 08:48:42.774 [info] fatal: not a git repository (or any parent up to mount point /)
Stopping at filesystem boundary (GIT_DISCOVERY_ACROSS_FILESYSTEM not set).
2025-07-15 08:48:43.020 [info] > git rev-parse --show-toplevel [76ms]
2025-07-15 08:48:43.020 [info] fatal: not a git repository (or any parent up to mount point /)
Stopping at filesystem boundary (GIT_DISCOVERY_ACROSS_FILESYSTEM not set).
2025-07-15 08:51:00.355 [info] > git rev-parse --show-toplevel [5ms]
2025-07-15 08:51:00.355 [info] fatal: not a git repository (or any parent up to mount point /)
Stopping at filesystem boundary (GIT_DISCOVERY_ACROSS_FILESYSTEM not set).
2025-07-15 08:51:00.778 [info] > git rev-parse --show-toplevel [3ms]
2025-07-15 08:51:00.778 [info] fatal: not a git repository (or any parent up to mount point /)
Stopping at filesystem boundary (GIT_DISCOVERY_ACROSS_FILESYSTEM not set).
2025-07-15 08:55:44.615 [info] > git rev-parse --show-toplevel [2ms]
2025-07-15 08:55:44.615 [info] fatal: not a git repository (or any parent up to mount point /)
Stopping at filesystem boundary (GIT_DISCOVERY_ACROSS_FILESYSTEM not set).
2025-07-15 09:02:55.883 [info] > git rev-parse --show-toplevel [2ms]
2025-07-15 09:02:55.883 [info] fatal: not a git repository (or any parent up to mount point /)
Stopping at filesystem boundary (GIT_DISCOVERY_ACROSS_FILESYSTEM not set).
2025-07-15 09:11:18.176 [info] > git rev-parse --show-toplevel [2ms]
2025-07-15 09:11:18.176 [info] fatal: not a git repository (or any parent up to mount point /)
Stopping at filesystem boundary (GIT_DISCOVERY_ACROSS_FILESYSTEM not set).
2025-07-15 09:25:12.717 [info] > git rev-parse --show-toplevel [4ms]
2025-07-15 09:25:12.717 [info] fatal: not a git repository (or any parent up to mount point /)
Stopping at filesystem boundary (GIT_DISCOVERY_ACROSS_FILESYSTEM not set).
2025-07-15 09:27:13.617 [info] > git rev-parse --show-toplevel [3ms]
2025-07-15 09:27:13.617 [info] fatal: not a git repository (or any parent up to mount point /)
Stopping at filesystem boundary (GIT_DISCOVERY_ACROSS_FILESYSTEM not set).
