2025-07-14 15:22:39.959 [info] [main] Log level: Info
2025-07-14 15:22:39.961 [info] [main] Validating found git in: "git"
2025-07-14 15:22:39.961 [info] [main] Using git "2.43.0" from "git"
2025-07-14 15:22:39.961 [info] [Model][doInitialScan] Initial repository scan started
2025-07-14 15:22:39.961 [info] > git rev-parse --show-toplevel [30ms]
2025-07-14 15:22:39.961 [info] fatal: not a git repository (or any parent up to mount point /)
Stopping at filesystem boundary (GIT_DISCOVERY_ACROSS_FILESYSTEM not set).
2025-07-14 15:22:39.961 [info] > git rev-parse --show-toplevel [7ms]
2025-07-14 15:22:39.961 [info] fatal: not a git repository (or any parent up to mount point /)
Stopping at filesystem boundary (GIT_DISCOVERY_ACROSS_FILESYSTEM not set).
2025-07-14 15:22:39.961 [info] > git rev-parse --show-toplevel [3ms]
2025-07-14 15:22:39.961 [info] fatal: not a git repository (or any parent up to mount point /)
Stopping at filesystem boundary (GIT_DISCOVERY_ACROSS_FILESYSTEM not set).
2025-07-14 15:22:39.961 [info] > git rev-parse --show-toplevel [2ms]
2025-07-14 15:22:39.961 [info] fatal: not a git repository (or any parent up to mount point /)
Stopping at filesystem boundary (GIT_DISCOVERY_ACROSS_FILESYSTEM not set).
2025-07-14 15:22:39.961 [info] > git rev-parse --show-toplevel [2ms]
2025-07-14 15:22:39.961 [info] fatal: not a git repository (or any parent up to mount point /)
Stopping at filesystem boundary (GIT_DISCOVERY_ACROSS_FILESYSTEM not set).
2025-07-14 15:22:39.961 [info] > git rev-parse --show-toplevel [1ms]
2025-07-14 15:22:39.961 [info] fatal: not a git repository (or any parent up to mount point /)
Stopping at filesystem boundary (GIT_DISCOVERY_ACROSS_FILESYSTEM not set).
2025-07-14 15:22:39.962 [info] > git rev-parse --show-toplevel [4ms]
2025-07-14 15:22:39.962 [info] fatal: not a git repository (or any parent up to mount point /)
Stopping at filesystem boundary (GIT_DISCOVERY_ACROSS_FILESYSTEM not set).
2025-07-14 15:22:39.962 [info] > git rev-parse --show-toplevel [2ms]
2025-07-14 15:22:39.962 [info] fatal: not a git repository (or any parent up to mount point /)
Stopping at filesystem boundary (GIT_DISCOVERY_ACROSS_FILESYSTEM not set).
2025-07-14 15:22:39.962 [info] > git rev-parse --show-toplevel [2ms]
2025-07-14 15:22:39.962 [info] fatal: not a git repository (or any parent up to mount point /)
Stopping at filesystem boundary (GIT_DISCOVERY_ACROSS_FILESYSTEM not set).
2025-07-14 15:22:39.962 [info] > git rev-parse --show-toplevel [4ms]
2025-07-14 15:22:39.962 [info] fatal: not a git repository (or any parent up to mount point /)
Stopping at filesystem boundary (GIT_DISCOVERY_ACROSS_FILESYSTEM not set).
2025-07-14 15:22:39.962 [info] [Model][doInitialScan] Initial repository scan completed - repositories (0), closed repositories (0), parent repositories (0), unsafe repositories (0)
2025-07-14 15:22:48.458 [info] > git rev-parse --show-toplevel [86ms]
2025-07-14 15:22:48.458 [info] fatal: not a git repository (or any parent up to mount point /)
Stopping at filesystem boundary (GIT_DISCOVERY_ACROSS_FILESYSTEM not set).
2025-07-14 15:22:49.730 [info] > git rev-parse --show-toplevel [7ms]
2025-07-14 15:22:49.730 [info] fatal: not a git repository (or any parent up to mount point /)
Stopping at filesystem boundary (GIT_DISCOVERY_ACROSS_FILESYSTEM not set).
2025-07-14 15:23:01.437 [info] > git rev-parse --show-toplevel [9ms]
2025-07-14 15:23:01.437 [info] fatal: not a git repository (or any parent up to mount point /)
Stopping at filesystem boundary (GIT_DISCOVERY_ACROSS_FILESYSTEM not set).
2025-07-14 15:24:41.996 [info] > git rev-parse --show-toplevel [8ms]
2025-07-14 15:24:41.996 [info] fatal: not a git repository (or any parent up to mount point /)
Stopping at filesystem boundary (GIT_DISCOVERY_ACROSS_FILESYSTEM not set).
2025-07-14 15:29:55.910 [info] > git rev-parse --show-toplevel [4ms]
2025-07-14 15:29:55.910 [info] fatal: not a git repository (or any parent up to mount point /)
Stopping at filesystem boundary (GIT_DISCOVERY_ACROSS_FILESYSTEM not set).
2025-07-14 15:31:49.013 [info] > git rev-parse --show-toplevel [10ms]
2025-07-14 15:31:49.013 [info] fatal: not a git repository (or any parent up to mount point /)
Stopping at filesystem boundary (GIT_DISCOVERY_ACROSS_FILESYSTEM not set).
2025-07-14 15:34:41.632 [info] > git rev-parse --show-toplevel [2ms]
2025-07-14 15:34:41.632 [info] fatal: not a git repository (or any parent up to mount point /)
Stopping at filesystem boundary (GIT_DISCOVERY_ACROSS_FILESYSTEM not set).
2025-07-14 15:34:43.187 [info] > git rev-parse --show-toplevel [3ms]
2025-07-14 15:34:43.187 [info] fatal: not a git repository (or any parent up to mount point /)
Stopping at filesystem boundary (GIT_DISCOVERY_ACROSS_FILESYSTEM not set).
